#
# A fatal error has been detected by the Java Runtime Environment:
#
#  SIGSEGV (0xb) at pc=0x00007fd3ad3818dd, pid=2301, tid=2303
#
# JRE version: OpenJDK Runtime Environment Temurin-21.0.7+6 (21.0.7+6) (build 21.0.7+6-LTS)
# Java VM: OpenJDK 64-Bit Server VM Temurin-21.0.7+6 (21.0.7+6-LTS, mixed mode, sharing, tiered, compressed oops, compressed class ptrs, parallel gc, linux-amd64)
# Problematic frame:
# V  [libjvm.so+0xd818dd]  oopDesc* PSPromotionManager::copy_unmarked_to_survivor_space<false>(oopDesc*, markWord)+0x60d
#
# Core dump will be written. Default location: Core dumps may be processed with "/lib/systemd/systemd-coredump %P %u %g %s %t 9223372036854775808 %h %d" (or dumping to /media/mk/Data/Projects/SKribble/core.2301)
#
# If you would like to submit a bug report, please visit:
#   https://github.com/adoptium/adoptium-support/issues
#

---------------  S U M M A R Y ------------

Command Line: --add-modules=ALL-SYSTEM --add-opens=java.base/java.util=ALL-UNNAMED --add-opens=java.base/java.lang=ALL-UNNAMED --add-opens=java.base/sun.nio.fs=ALL-UNNAMED -Declipse.application=org.eclipse.jdt.ls.core.id1 -Dosgi.bundles.defaultStartLevel=4 -Declipse.product=org.eclipse.jdt.ls.core.product -Djava.import.generatesMetadataFilesAtProjectRoot=false -DDetectVMInstallationsJob.disabled=true -Dfile.encoding=utf8 -XX:+UseParallelGC -XX:GCTimeRatio=4 -XX:AdaptiveSizePolicyWeight=90 -Dsun.zip.disableMemoryMapping=true -Xmx1G -Xms100m -Xlog:disable -javaagent:/home/mk/.vscode/extensions/redhat.java-1.42.0-linux-x64/lombok/lombok-1.18.36.jar -XX:+HeapDumpOnOutOfMemoryError -XX:HeapDumpPath=/home/mk/.config/Code/User/workspaceStorage/f7259d174e8ba54b2b54f3a429718e13/redhat.java -Daether.dependencyCollector.impl=bf /home/mk/.vscode/extensions/redhat.java-1.42.0-linux-x64/server/plugins/org.eclipse.equinox.launcher_1.7.0.v20250424-1814.jar -configuration /home/mk/.config/Code/User/globalStorage/redhat.java/1.42.0/config_linux -data /home/mk/.config/Code/User/workspaceStorage/f7259d174e8ba54b2b54f3a429718e13/redhat.java/jdt_ws --pipe=/run/user/1000/lsp-6d5ecb7492507f2893a1f9851d31afe5.sock

Host: Intel(R) Core(TM) i3-7100U CPU @ 2.40GHz, 4 cores, 7G, Debian GNU/Linux 12 (bookworm)
Time: Sat May 31 21:31:36 2025 +0630 elapsed time: 29051.294137 seconds (0d 8h 4m 11s)

---------------  T H R E A D  ---------------

Current thread (0x00007fd3a8043080):  WorkerThread "GC Thread#0"    [id=2303, stack(0x00007fd3ac029000,0x00007fd3ac129000) (1024K)]

Stack: [0x00007fd3ac029000,0x00007fd3ac129000],  sp=0x00007fd3ac127bb0,  free space=1018k
Native frames: (J=compiled Java code, j=interpreted, Vv=VM code, C=native code)
V  [libjvm.so+0xd818dd]  oopDesc* PSPromotionManager::copy_unmarked_to_survivor_space<false>(oopDesc*, markWord)+0x60d
V  [libjvm.so+0xd810ac]  PSPromotionManager::drain_stacks_depth(bool)+0x22c
V  [libjvm.so+0xd8412c]  steal_work(TaskTerminator&, unsigned int)+0x3cc
V  [libjvm.so+0xd857b4]  ScavengeRootsTask::work(unsigned int)+0x314
V  [libjvm.so+0x1035110]  WorkerThread::run()+0x80
V  [libjvm.so+0xf78c38]  Thread::call_run()+0xa8
V  [libjvm.so+0xd0487a]  thread_native_entry(Thread*)+0xda

siginfo: si_signo: 11 (SIGSEGV), si_code: 1 (SEGV_MAPERR), si_addr: 0x0000000000000348

Registers:
RAX=0x0000000000000248, RBX=0x00007fd3a80e5480, RCX=0x0000000000000000, RDX=0x00007fd3ac8e6ca0
RSP=0x00007fd3ac127bb0, RBP=0x00007fd3ac127c30, RSI=0x00000000eb839220, RDI=0x00007fd34e0d4c48
R8 =0x00007fd3adae8e90, R9 =0x0000000000000000, R10=0x00000000d3942b70, R11=0x00000000d3942b70
R12=0x00007fd3a80e5480, R13=0x0000000000000000, R14=0x00000000eb839220, R15=0x00000000d3942b84
RIP=0x00007fd3ad3818dd, EFLAGS=0x0000000000010246, CSGSFS=0x002b000000000033, ERR=0x0000000000000004
  TRAPNO=0x000000000000000e

XMM[0]=0x00000080001a64d0 0x0000000000000009
XMM[1]=0x0000000000000000 0x0000000000000000
XMM[2]=0xeb8397f8eb839860 0x00000000eb8398c8
XMM[3]=0x0000000000000000 0x0000000000000000
XMM[4]=0x0000000000000000 0x00000000eb839390
XMM[5]=0xeb83782800000000 0xeb837dc800000000
XMM[6]=0xeb8384d000000000 0xeb838cc8eb838d30
XMM[7]=0xeb839010eb839180 0x0000000000000000
XMM[8]=0x0000000000000000 0x0000000000000000
XMM[9]=0x6361702f68747561 0x2f79746972756365
XMM[10]=0xe0815a55296d0008 0x0808001403140201
XMM[11]=0x2e6b646a029b856c 0x81a4000000000000
XMM[12]=0x2f67726f2f6d6f64 0x2e6c6d782e6b646a
XMM[13]=0x014b506176616a2e 0x656c755261696465
XMM[14]=0x0000000000002c00 0x00074f000003a45a
XMM[15]=0x642f6333772f6772 0x6f2f6d6f642e6c6d
  MXCSR=0x00001fa2


Register to memory mapping:

RAX=0x0000000000000248 is an unknown value
RBX=0x00007fd3a80e5480 points into unknown readable memory: 0x00007fd3adaddc90 | 90 dc ad ad d3 7f 00 00
RCX=0x0 is null
RDX=0x00007fd3ac8e6ca0: <offset 0x00000000002e6ca0> in /home/mk/.vscode/extensions/redhat.java-1.42.0-linux-x64/jre/21.0.7-linux-x86_64/lib/server/libjvm.so at 0x00007fd3ac600000
RSP=0x00007fd3ac127bb0 points into unknown readable memory: 0x00000000d3493101 | 01 31 49 d3 00 00 00 00
RBP=0x00007fd3ac127c30 points into unknown readable memory: 0x00007fd3ac127c80 | 80 7c 12 ac d3 7f 00 00
RSI=0x00000000eb839220 points into unknown readable memory: 0x0000000000000009 | 09 00 00 00 00 00 00 00
RDI=0x00007fd34e0d4c48 is pointing into metadata
R8 =0x00007fd3adae8e90: <offset 0x00000000014e8e90> in /home/mk/.vscode/extensions/redhat.java-1.42.0-linux-x64/jre/21.0.7-linux-x86_64/lib/server/libjvm.so at 0x00007fd3ac600000
R9 =0x0 is null
R10=0x00000000d3942b70 is an oop: org.eclipse.jdt.internal.compiler.util.SimpleSetOfCharArray 
{0x00000000d3942b70} - klass: 'org/eclipse/jdt/internal/compiler/util/SimpleSetOfCharArray'
 - ---- fields (total size 3 words):
 - public 'elementSize' 'I' @12  3 (0x00000003)
 - public 'threshold' 'I' @16  4 (0x00000004)
 - public 'values' '[[C' @20  
[error occurred during error reporting (printing register info), id 0xb, SIGSEGV (0xb) at pc=0x00007fd3ad2ea55b]
R11=0x00000000d3942b70 is an oop: org.eclipse.jdt.internal.compiler.util.SimpleSetOfCharArray 
{0x00000000d3942b70} - klass: 'org/eclipse/jdt/internal/compiler/util/SimpleSetOfCharArray'
 - ---- fields (total size 3 words):
 - public 'elementSize' 'I' @12  3 (0x00000003)
 - public 'threshold' 'I' @16  4 (0x00000004)
 - public 'values' '[[C' @20  
[error occurred during error reporting (printing register info, attempt 2), id 0xb, SIGSEGV (0xb) at pc=0x00007fd3ad2ea55b]
R12=0x00007fd3a80e5480 points into unknown readable memory: 0x00007fd3adaddc90 | 90 dc ad ad d3 7f 00 00
R13=0x0 is null
R14=0x00000000eb839220 points into unknown readable memory: 0x0000000000000009 | 09 00 00 00 00 00 00 00
R15=0x00000000d3942b84 is pointing into object: org.eclipse.jdt.internal.compiler.util.SimpleSetOfCharArray 
{0x00000000d3942b70} - klass: 'org/eclipse/jdt/internal/compiler/util/SimpleSetOfCharArray'
 - ---- fields (total size 3 words):
 - public 'elementSize' 'I' @12  3 (0x00000003)
 - public 'threshold' 'I' @16  4 (0x00000004)
 - public 'values' '[[C' @20  
[error occurred during error reporting (printing register info, attempt 3), id 0xb, SIGSEGV (0xb) at pc=0x00007fd3ad2ea55b]
Top of Stack: (sp=0x00007fd3ac127bb0)
0x00007fd3ac127bb0:   00000000d3493101 00007fd3adb4c280
0x00007fd3ac127bc0:   0000000000000010 0000000000000001
0x00007fd3ac127bd0:   00000000d3942b70 0000000000000009
0x00007fd3ac127be0:   00007fd3ada24638 00007fd3a8061c00
0x00007fd3ac127bf0:   00007fd3a80e5480 00007fd3ad3817e9
0x00007fd3ac127c00:   00007fd3ac127c30 00007fd3a80e5480
0x00007fd3ac127c10:   0000000000000000 00007fd3a80e55e0
0x00007fd3ac127c20:   00000000d3942b85 00000000d3942b84
0x00007fd3ac127c30:   00007fd3ac127c80 00007fd3ad3810ac
0x00007fd3ac127c40:   00007fd3a80e5480 00007fd3adae8e90
0x00007fd3ac127c50:   ffffffffffff0001 00007fd3a80e5480
0x00007fd3ac127c60:   0000000000000002 0000000000000010
0x00007fd3ac127c70:   00000000d378710d 00007fd3adae8e90
0x00007fd3ac127c80:   00007fd3ac127ce0 00007fd3ad38412c
0x00007fd3ac127c90:   00007fd3ac127cc0 00000000d378710c
0x00007fd3ac127ca0:   00007fd394c7e688 0000000000000008
0x00007fd3ac127cb0:   00007fd3a80e5480 0000000000000002
0x00007fd3ac127cc0:   00007fd3ac127d80 00007fd394c7e630
0x00007fd3ac127cd0:   00007fd394c7e630 0000000000000001
0x00007fd3ac127ce0:   00007fd3ac127df0 00007fd3ad3857b4
0x00007fd3ac127cf0:   00007fd3a803c990 00007fd3a803c9a0
0x00007fd3ac127d00:   00007fd394c7e570 00007fd3a803c990
0x00007fd3ac127d10:   00007fd3a803c9a0 00000000000003d8
0x00007fd3ac127d20:   00007fd3a803cd78 00007fd3a8043420
0x00007fd3ac127d30:   00007fd394c7e530 00007fd394c7e570
0x00007fd3ac127d40:   000000020000000f 00007fd3a80e5480
0x00007fd3ac127d50:   00007fd3ac127da0 0000000000000000
0x00007fd3ac127d60:   00007fd3ada1d9d0 00007fd3ac127d90
0x00007fd3ac127d70:   00007fd3ada24a48 00007fd3ada24a28
0x00007fd3ac127d80:   00007fd3ada24af0 00007fd300000002
0x00007fd3ac127d90:   00007fd3add81ce0 00007fd3a803daa8
0x00007fd3ac127da0:   0000000000000000 0000000000000000 

Instructions: (pc=0x00007fd3ad3818dd)
0x00007fd3ad3817dd:   4a 0c 48 8d 05 7a a5 7c 00 ff 14 c8 4c 8b 55 a0
0x00007fd3ad3817ed:   48 8d 05 8c c9 7c 00 80 38 00 0f 84 3b fe ff ff
0x00007fd3ad3817fd:   48 8d 05 e4 8e 76 00 80 38 00 0f 84 4b 03 00 00
0x00007fd3ad38180d:   48 8d 15 6c 76 76 00 41 8b 42 08 8b 4a 08 48 d3
0x00007fd3ad38181d:   e0 48 03 02 48 8d 15 38 b6 7e 00 48 39 42 08 0f
0x00007fd3ad38182d:   85 06 fe ff ff 48 8d 05 4f 87 76 00 49 8b 12 8b
0x00007fd3ad38183d:   00 83 e2 03 84 db 0f 84 f7 04 00 00 83 f8 02 0f
0x00007fd3ad38184d:   84 72 05 00 00 83 e2 01 0f 84 73 05 00 00 49 8b
0x00007fd3ad38185d:   02 48 c1 e8 03 83 e0 0f 48 8d 15 f4 c6 7c 00 39
0x00007fd3ad38186d:   02 0f 86 c4 fd ff ff 49 8d bc 24 70 03 00 00 4c
0x00007fd3ad38187d:   89 f6 4c 89 55 a0 e8 58 e0 10 00 4c 8b 55 a0 e9
0x00007fd3ad38188d:   a7 fd ff ff 0f 1f 80 00 00 00 00 48 8b 7e 08 e9
0x00007fd3ad38189d:   6f fa ff ff 0f 1f 80 00 00 00 00 49 8b 42 08 e9
0x00007fd3ad3818ad:   04 fe ff ff 0f 1f 80 00 00 00 00 4c 89 d6 4c 89
0x00007fd3ad3818bd:   ea 4c 89 e7 e8 aa e1 ff ff 4d 89 fa e9 6a fd ff
0x00007fd3ad3818cd:   ff 66 90 48 8b 07 48 8d 15 c6 53 56 ff 45 31 ed
0x00007fd3ad3818dd:   48 8b 80 00 01 00 00 48 39 d0 0f 84 3d fa ff ff
0x00007fd3ad3818ed:   e9 f0 fb ff ff 66 0f 1f 44 00 00 49 8b 42 08 8b
0x00007fd3ad3818fd:   48 0c 48 89 c2 83 f9 06 0f 85 a3 fe ff ff 48 8d
0x00007fd3ad38190d:   15 2e 85 76 00 80 3a 00 0f 85 5d 02 00 00 8b 48
0x00007fd3ad38191d:   0c 48 89 c2 e9 88 fe ff ff 66 2e 0f 1f 84 00 00
0x00007fd3ad38192d:   00 00 00 4c 89 d7 4c 89 55 a0 e8 34 8c 0f 00 4c
0x00007fd3ad38193d:   8b 55 a0 e9 8e fd ff ff 0f 1f 00 84 d2 0f 84 80
0x00007fd3ad38194d:   03 00 00 48 8d 05 29 75 76 00 41 8b 72 08 8b 48
0x00007fd3ad38195d:   08 48 d3 e6 48 03 30 8b 4e 0c 48 89 f2 e9 3f fe
0x00007fd3ad38196d:   ff ff 90 49 8b 02 48 8d 35 0e 86 76 00 83 e0 03
0x00007fd3ad38197d:   83 3e 02 0f 84 5a 03 00 00 a8 01 0f 84 5c 03 00
0x00007fd3ad38198d:   00 49 8b 02 48 89 c2 48 c1 ea 03 83 e2 0f 48 83
0x00007fd3ad38199d:   fa 0f 74 0f 48 8d 14 d5 08 00 00 00 48 83 e0 87
0x00007fd3ad3819ad:   48 09 d0 49 89 02 e9 b0 fd ff ff 0f 1f 84 00 00
0x00007fd3ad3819bd:   00 00 00 49 8d 44 24 28 48 89 c7 48 89 45 98 e8
0x00007fd3ad3819cd:   ef df ff ff 48 8d 05 88 80 76 00 4c 8b 3d 59 a8 


Stack slot to memory mapping:

stack at sp + 0 slots: 0x00000000d3493101 is pointing into object: org.eclipse.jdt.internal.compiler.ast.ImportReference 
{0x00000000d34930c8} - klass: 'org/eclipse/jdt/internal/compiler/ast/ImportReference'
 - ---- fields (total size 8 words):
 - public 'sourceStart' 'I' @12  42 (0x0000002a)
 - public 'sourceEnd' 'I' @16  55 (0x00000037)
 - public 'bits' 'I' @20  -2147483648 (0x80000000)
 - public transient '$generatedBy' 'Lorg/eclipse/jdt/internal/compiler/ast/ASTNode;' @24  null (0x00000000)
 - public 'declarationEnd' 'I' @28  56 (0x00000038)
 - public 'declarationSourceStart' 'I' @32  35 (0x00000023)
 - public 'declarationSourceEnd' 'I' @36  56 (0x00000038)
 - public 'modifiers' 'I' @40  0 (0x00000000)
 - public 'modifiersSourceStart' 'I' @44  0 (0x00000000)
 - public 'trailingStarPosition' 'I' @48  0 (0x00000000)
 - public 'tokens' '[[C' @52  a {type array char}[3] {0x00000000d3493030} (0xd3493030)
 - public 'sourcePositions' '[J' @56  [J{0x00000000d38c4d70} (0xd38c4d70)
 - public 'annotations' '[Lorg/eclipse/jdt/internal/compiler/ast/Annotation;' @60  null (0x00000000)
stack at sp + 1 slots: 0x00007fd3adb4c280: <offset 0x000000000154c280> in /home/mk/.vscode/extensions/redhat.java-1.42.0-linux-x64/jre/21.0.7-linux-x86_64/lib/server/libjvm.so at 0x00007fd3ac600000
stack at sp + 2 slots: 0x0000000000000010 is an unknown value
stack at sp + 3 slots: 0x0000000000000001 is an unknown value
stack at sp + 4 slots: 0x00000000d3942b70 is an oop: org.eclipse.jdt.internal.compiler.util.SimpleSetOfCharArray 
{0x00000000d3942b70} - klass: 'org/eclipse/jdt/internal/compiler/util/SimpleSetOfCharArray'
 - ---- fields (total size 3 words):
 - public 'elementSize' 'I' @12  3 (0x00000003)
 - public 'threshold' 'I' @16  4 (0x00000004)
 - public 'values' '[[C' @20  
[error occurred during error reporting (inspecting top of stack), id 0xb, SIGSEGV (0xb) at pc=0x00007fd3ad2ea55b]
stack at sp + 5 slots: 0x0000000000000009 is an unknown value
stack at sp + 6 slots: 0x00007fd3ada24638: <offset 0x0000000001424638> in /home/mk/.vscode/extensions/redhat.java-1.42.0-linux-x64/jre/21.0.7-linux-x86_64/lib/server/libjvm.so at 0x00007fd3ac600000
stack at sp + 7 slots: 0x00007fd3a8061c00 points into unknown readable memory: 0x00007fd3ada24c70 | 70 4c a2 ad d3 7f 00 00


---------------  P R O C E S S  ---------------

Threads class SMR info:
_java_thread_list=0x00007fd2e431a880, length=28, elements={
0x00007fd3a802a950, 0x00007fd3a80f12a0, 0x00007fd3a80f25d0, 0x00007fd3a80f3d20,
0x00007fd3a80f5320, 0x00007fd3a80f6880, 0x00007fd3a80f8380, 0x00007fd3a80f9a00,
0x00007fd3a810a230, 0x00007fd3a82213f0, 0x00007fd3a83d7e10, 0x00007fd3a8433890,
0x00007fd30801b0a0, 0x00007fd3a8436c60, 0x00007fd30039b090, 0x00007fd300133210,
0x00007fd300455940, 0x00007fd300ac1940, 0x00007fd3a81ec260, 0x00007fd3a843fd90,
0x00007fd3a8440f00, 0x00007fd3300ae640, 0x00007fd33810e5b0, 0x00007fd3002e0c60,
0x00007fd2e06666c0, 0x00007fd2dc241380, 0x00007fd2d80f6400, 0x00007fd2f0048c10
}

Java Threads: ( => current thread )
  0x00007fd3a802a950 JavaThread "main"                              [_thread_blocked, id=2302, stack(0x00007fd3ac500000,0x00007fd3ac600000) (1024K)]
  0x00007fd3a80f12a0 JavaThread "Reference Handler"          daemon [_thread_blocked, id=2310, stack(0x00007fd394700000,0x00007fd394800000) (1024K)]
  0x00007fd3a80f25d0 JavaThread "Finalizer"                  daemon [_thread_blocked, id=2312, stack(0x00007fd3945ff000,0x00007fd3946ff000) (1024K)]
  0x00007fd3a80f3d20 JavaThread "Signal Dispatcher"          daemon [_thread_blocked, id=2313, stack(0x00007fd3944fe000,0x00007fd3945fe000) (1024K)]
  0x00007fd3a80f5320 JavaThread "Service Thread"             daemon [_thread_blocked, id=2314, stack(0x00007fd3943fd000,0x00007fd3944fd000) (1024K)]
  0x00007fd3a80f6880 JavaThread "Monitor Deflation Thread"   daemon [_thread_blocked, id=2315, stack(0x00007fd3942fc000,0x00007fd3943fc000) (1024K)]
  0x00007fd3a80f8380 JavaThread "C2 CompilerThread0"         daemon [_thread_blocked, id=2317, stack(0x00007fd3941fb000,0x00007fd3942fb000) (1024K)]
  0x00007fd3a80f9a00 JavaThread "C1 CompilerThread0"         daemon [_thread_blocked, id=2318, stack(0x00007fd3940fa000,0x00007fd3941fa000) (1024K)]
  0x00007fd3a810a230 JavaThread "Common-Cleaner"             daemon [_thread_blocked, id=2321, stack(0x00007fd34cf00000,0x00007fd34d000000) (1024K)]
  0x00007fd3a82213f0 JavaThread "Notification Thread"        daemon [_thread_blocked, id=2325, stack(0x00007fd34cdff000,0x00007fd34ceff000) (1024K)]
  0x00007fd3a83d7e10 JavaThread "Active Thread: Equinox Container: 642ae611-34d6-4cfb-bc0f-213004f8617e"        [_thread_blocked, id=2347, stack(0x00007fd34c8fa000,0x00007fd34c9fa000) (1024K)]
  0x00007fd3a8433890 JavaThread "Refresh Thread: Equinox Container: 642ae611-34d6-4cfb-bc0f-213004f8617e" daemon [_thread_blocked, id=2352, stack(0x00007fd34c7f9000,0x00007fd34c8f9000) (1024K)]
  0x00007fd30801b0a0 JavaThread "Framework Event Dispatcher: Equinox Container: 642ae611-34d6-4cfb-bc0f-213004f8617e" daemon [_thread_blocked, id=2354, stack(0x00007fd34c6f8000,0x00007fd34c7f8000) (1024K)]
  0x00007fd3a8436c60 JavaThread "Start Level: Equinox Container: 642ae611-34d6-4cfb-bc0f-213004f8617e" daemon [_thread_blocked, id=2355, stack(0x00007fd34c5f7000,0x00007fd34c6f7000) (1024K)]
  0x00007fd30039b090 JavaThread "Bundle File Closer"         daemon [_thread_blocked, id=2377, stack(0x00007fd34c4f6000,0x00007fd34c5f6000) (1024K)]
  0x00007fd300133210 JavaThread "SCR Component Actor"        daemon [_thread_blocked, id=2389, stack(0x00007fd34c3f5000,0x00007fd34c4f5000) (1024K)]
  0x00007fd300455940 JavaThread "Worker-JM"                         [_thread_blocked, id=2427, stack(0x00007fd34c2f4000,0x00007fd34c3f4000) (1024K)]
  0x00007fd300ac1940 JavaThread "Java indexing"              daemon [_thread_blocked, id=2457, stack(0x00007fd2ebcfe000,0x00007fd2ebdfe000) (1024K)]
  0x00007fd3a81ec260 JavaThread "pool-2-thread-1"                   [_thread_blocked, id=2467, stack(0x00007fd2eb6cc000,0x00007fd2eb7cc000) (1024K)]
  0x00007fd3a843fd90 JavaThread "WorkspaceEventsHandler"            [_thread_blocked, id=2469, stack(0x00007fd2ebafc000,0x00007fd2ebbfc000) (1024K)]
  0x00007fd3a8440f00 JavaThread "pool-1-thread-1"                   [_thread_blocked, id=2470, stack(0x00007fd2eb5cb000,0x00007fd2eb6cb000) (1024K)]
  0x00007fd3300ae640 JavaThread "Cleaner-0"                  daemon [_thread_blocked, id=2626, stack(0x00007fd2ea7bd000,0x00007fd2ea8bd000) (1024K)]
  0x00007fd33810e5b0 JavaThread "Attach Listener"            daemon [_thread_blocked, id=2813, stack(0x00007fd2ea9bf000,0x00007fd2eaabf000) (1024K)]
  0x00007fd3002e0c60 JavaThread "Worker-99"                         [_thread_blocked, id=132341, stack(0x00007fd2eb4ca000,0x00007fd2eb5ca000) (1024K)]
  0x00007fd2e06666c0 JavaThread "Worker-100"                        [_thread_blocked, id=132342, stack(0x00007fd2eaec4000,0x00007fd2eafc4000) (1024K)]
  0x00007fd2dc241380 JavaThread "ForkJoinPool.commonPool-worker-68" daemon [_thread_blocked, id=134244, stack(0x00007fd2eb9be000,0x00007fd2ebabe000) (1024K)]
  0x00007fd2d80f6400 JavaThread "ForkJoinPool.commonPool-worker-69" daemon [_thread_blocked, id=134247, stack(0x00007fd34c1f3000,0x00007fd34c2f3000) (1024K)]
  0x00007fd2f0048c10 JavaThread "ForkJoinPool.commonPool-worker-70" daemon [_thread_blocked, id=134257, stack(0x00007fd2eb3c9000,0x00007fd2eb4c9000) (1024K)]
Total: 28

Other Threads:
  0x00007fd3a80e7ce0 VMThread "VM Thread"                           [id=2309, stack(0x00007fd394b80000,0x00007fd394c80000) (1024K)]
  0x00007fd3a8051f10 WatcherThread "VM Periodic Task Thread"        [id=2305, stack(0x00007fd39588d000,0x00007fd39598d000) (1024K)]
=>0x00007fd3a8043080 WorkerThread "GC Thread#0"                     [id=2303, stack(0x00007fd3ac029000,0x00007fd3ac129000) (1024K)]
  0x00007fd33c0016f0 WorkerThread "GC Thread#1"                     [id=2334, stack(0x00007fd34cbfd000,0x00007fd34ccfd000) (1024K)]
  0x00007fd33c003620 WorkerThread "GC Thread#2"                     [id=2335, stack(0x00007fd34cafc000,0x00007fd34cbfc000) (1024K)]
  0x00007fd33c004000 WorkerThread "GC Thread#3"                     [id=2336, stack(0x00007fd34c9fb000,0x00007fd34cafb000) (1024K)]
Total: 6

Threads with active compile tasks:
Total: 0

VM state: at safepoint (normal execution)

VM Mutex/Monitor currently owned by a thread:  ([mutex/lock_event])
[0x00007fd3adb45cd0] Threads_lock - owner thread: 0x00007fd3a80e7ce0
[0x00007fd3adb45bd0] Heap_lock - owner thread: 0x00007fd2d80f6400

Heap address: 0x00000000c0000000, size: 1024 MB, Compressed Oops mode: 32-bit

CDS archive(s) mapped at: [0x00007fd34d000000-0x00007fd34dbb6000-0x00007fd34dbb6000), size 12279808, SharedBaseAddress: 0x00007fd34d000000, ArchiveRelocationMode: 1.
Compressed class space mapped at: 0x00007fd34e000000-0x00007fd38e000000, reserved size: 1073741824
Narrow klass base: 0x00007fd34d000000, Narrow klass shift: 0, Narrow klass range: 0x100000000

GC Precious Log:
 CardTable entry size: 512
 CPUs: 4 total, 4 available
 Memory: 7820M
 Large Page Support: Disabled
 NUMA Support: Disabled
 Compressed Oops: Enabled (32-bit)
 Alignments: Space 512K, Generation 512K, Heap 2M
 Heap Min Capacity: 100M
 Heap Initial Capacity: 100M
 Heap Max Capacity: 1G
 Pre-touch: Disabled
 Parallel Workers: 4

Heap:
 PSYoungGen      total 11776K, used 11700K [0x00000000eab00000, 0x00000000eb880000, 0x0000000100000000)
  eden space 10240K, 100% used [0x00000000eab00000,0x00000000eb500000,0x00000000eb500000)
  from space 1536K, 95% used [0x00000000eb700000,0x00000000eb86d200,0x00000000eb880000)
  to   space 1536K, 99% used [0x00000000eb580000,0x00000000eb6fe1d8,0x00000000eb700000)
 ParOldGen       total 321536K, used 321320K [0x00000000c0000000, 0x00000000d3a00000, 0x00000000eab00000)
  object space 321536K, 99% used [0x00000000c0000000,0x00000000d39ca0c8,0x00000000d3a00000)
 Metaspace       used 102149K, committed 103744K, reserved 1179648K
  class space    used 9486K, committed 10240K, reserved 1048576K

Card table byte_map: [0x00007fd3ac129000,0x00007fd3ac32a000] _byte_map_base: 0x00007fd3abb29000

Marking Bits: (ParMarkBitMap*) 0x00007fd3adb4bea0
 Begin Bits: [0x00007fd38e000000, 0x00007fd38f000000)
 End Bits:   [0x00007fd38f000000, 0x00007fd390000000)

Polling page: 0x00007fd3adef7000

Metaspace:

Usage:
  Non-class:     90.49 MB used.
      Class:      9.26 MB used.
       Both:     99.76 MB used.

Virtual space:
  Non-class space:      128.00 MB reserved,      91.31 MB ( 71%) committed,  2 nodes.
      Class space:        1.00 GB reserved,      10.00 MB ( <1%) committed,  1 nodes.
             Both:        1.12 GB reserved,     101.31 MB (  9%) committed. 

Chunk freelists:
   Non-Class:  4.13 MB
       Class:  5.85 MB
        Both:  9.97 MB

MaxMetaspaceSize: unlimited
CompressedClassSpaceSize: 1.00 GB
Initial GC threshold: 21.00 MB
Current GC threshold: 168.69 MB
CDS: on
 - commit_granule_bytes: 65536.
 - commit_granule_words: 8192.
 - virtual_space_node_default_size: 8388608.
 - enlarge_chunks_in_place: 1.
 - use_allocation_guard: 0.


Internal statistics:

num_allocs_failed_limit: 9.
num_arena_births: 2868.
num_arena_deaths: 1108.
num_vsnodes_births: 3.
num_vsnodes_deaths: 0.
num_space_committed: 1636.
num_space_uncommitted: 10.
num_chunks_returned_to_freelist: 1625.
num_chunks_taken_from_freelist: 9020.
num_chunk_merges: 400.
num_chunk_splits: 4718.
num_chunks_enlarged: 2311.
num_inconsistent_stats: 0.

CodeHeap 'non-profiled nmethods': size=120032Kb used=26760Kb max_used=26760Kb free=93272Kb
 bounds [0x00007fd39d8c8000, 0x00007fd39f318000, 0x00007fd3a4e00000]
CodeHeap 'profiled nmethods': size=120028Kb used=26222Kb max_used=54148Kb free=93806Kb
 bounds [0x00007fd395e00000, 0x00007fd399320000, 0x00007fd39d337000]
CodeHeap 'non-nmethods': size=5700Kb used=1522Kb max_used=1632Kb free=4178Kb
 bounds [0x00007fd39d337000, 0x00007fd39d5a7000, 0x00007fd39d8c8000]
 total_blobs=14445 nmethods=13596 adapters=751
 compilation: enabled
              stopped_count=0, restarted_count=0
 full_count=0

Compilation events (20 events):
Event: 29051.225 Thread 0x00007fd3a80f9a00 40791       3       org.eclipse.jdt.internal.compiler.ast.MagicLiteral::<init> (7 bytes)
Event: 29051.225 Thread 0x00007fd3a80f9a00 nmethod 40791 0x00007fd397f07690 code [0x00007fd397f07840, 0x00007fd397f07b38]
Event: 29051.225 Thread 0x00007fd3a80f9a00 40786   !   3       lombok.eclipse.handlers.HandleLog::$SWITCH_TABLE$lombok$core$AST$Kind (157 bytes)
Event: 29051.226 Thread 0x00007fd3a80f9a00 nmethod 40786 0x00007fd3969a4410 code [0x00007fd3969a4620, 0x00007fd3969a4cc0]
Event: 29051.226 Thread 0x00007fd3a80f9a00 40788       3       lombok.eclipse.handlers.EclipseHandlerUtil::isRecord (45 bytes)
Event: 29051.227 Thread 0x00007fd3a80f9a00 nmethod 40788 0x00007fd397e5be90 code [0x00007fd397e5c040, 0x00007fd397e5c530]
Event: 29051.227 Thread 0x00007fd3a80f9a00 40789       3       lombok.eclipse.handlers.EclipseHandlerUtil::isStaticAllowed (41 bytes)
Event: 29051.228 Thread 0x00007fd3a80f9a00 nmethod 40789 0x00007fd3969dfd10 code [0x00007fd3969dff20, 0x00007fd3969e0698]
Event: 29051.257 Thread 0x00007fd3a80f9a00 40805       3       org.eclipse.jdt.internal.core.search.matching.MatchLocatorParser::getTypeReference (28 bytes)
Event: 29051.258 Thread 0x00007fd3a80f9a00 nmethod 40805 0x00007fd398d70510 code [0x00007fd398d706c0, 0x00007fd398d70920]
Event: 29051.259 Thread 0x00007fd3a80f9a00 40806       3       org.eclipse.jdt.internal.core.search.matching.OrLocator::match (63 bytes)
Event: 29051.260 Thread 0x00007fd3a80f9a00 nmethod 40806 0x00007fd397b8dc90 code [0x00007fd397b8de60, 0x00007fd397b8e1e8]
Event: 29051.260 Thread 0x00007fd3a80f9a00 40809       3       org.eclipse.jdt.internal.core.search.matching.OrLocator::match (63 bytes)
Event: 29051.260 Thread 0x00007fd3a80f9a00 nmethod 40809 0x00007fd397db2f90 code [0x00007fd397db3160, 0x00007fd397db34e8]
Event: 29051.260 Thread 0x00007fd3a80f9a00 40807       3       org.eclipse.jdt.internal.core.search.matching.TypeReferenceLocator::match (143 bytes)
Event: 29051.261 Thread 0x00007fd3a80f9a00 nmethod 40807 0x00007fd396df8690 code [0x00007fd396df8900, 0x00007fd396df95b0]
Event: 29051.261 Thread 0x00007fd3a80f9a00 40808       1       org.eclipse.jdt.internal.core.search.matching.PatternLocator::match (2 bytes)
Event: 29051.261 Thread 0x00007fd3a80f9a00 nmethod 40808 0x00007fd39e7ee490 code [0x00007fd39e7ee620, 0x00007fd39e7ee6e0]
Event: 29051.261 Thread 0x00007fd3a80f9a00 40810       1       org.eclipse.jdt.internal.core.search.matching.PatternLocator::match (2 bytes)
Event: 29051.261 Thread 0x00007fd3a80f9a00 nmethod 40810 0x00007fd39e7eea90 code [0x00007fd39e7eec20, 0x00007fd39e7eece0]

GC Heap History (20 events):
Event: 29050.565 GC heap after
{Heap after GC invocations=7403 (full 24):
 PSYoungGen      total 5120K, used 810K [0x00000000eab00000, 0x00000000eb100000, 0x0000000100000000)
  eden space 4096K, 0% used [0x00000000eab00000,0x00000000eab00000,0x00000000eaf00000)
  from space 1024K, 79% used [0x00000000eaf00000,0x00000000eafca910,0x00000000eb000000)
  to   space 1024K, 0% used [0x00000000eb000000,0x00000000eb000000,0x00000000eb100000)
 ParOldGen       total 301056K, used 300838K [0x00000000c0000000, 0x00000000d2600000, 0x00000000eab00000)
  object space 301056K, 99% used [0x00000000c0000000,0x00000000d25c9868,0x00000000d2600000)
 Metaspace       used 102146K, committed 103744K, reserved 1179648K
  class space    used 9486K, committed 10240K, reserved 1048576K
}
Event: 29050.587 GC heap before
{Heap before GC invocations=7404 (full 24):
 PSYoungGen      total 5120K, used 4906K [0x00000000eab00000, 0x00000000eb100000, 0x0000000100000000)
  eden space 4096K, 100% used [0x00000000eab00000,0x00000000eaf00000,0x00000000eaf00000)
  from space 1024K, 79% used [0x00000000eaf00000,0x00000000eafca910,0x00000000eb000000)
  to   space 1024K, 0% used [0x00000000eb000000,0x00000000eb000000,0x00000000eb100000)
 ParOldGen       total 301056K, used 300838K [0x00000000c0000000, 0x00000000d2600000, 0x00000000eab00000)
  object space 301056K, 99% used [0x00000000c0000000,0x00000000d25c9868,0x00000000d2600000)
 Metaspace       used 102146K, committed 103744K, reserved 1179648K
  class space    used 9486K, committed 10240K, reserved 1048576K
}
Event: 29050.592 GC heap after
{Heap after GC invocations=7404 (full 24):
 PSYoungGen      total 5120K, used 608K [0x00000000eab00000, 0x00000000eb100000, 0x0000000100000000)
  eden space 4096K, 0% used [0x00000000eab00000,0x00000000eab00000,0x00000000eaf00000)
  from space 1024K, 59% used [0x00000000eb000000,0x00000000eb098000,0x00000000eb100000)
  to   space 1024K, 0% used [0x00000000eaf00000,0x00000000eaf00000,0x00000000eb000000)
 ParOldGen       total 302080K, used 301598K [0x00000000c0000000, 0x00000000d2700000, 0x00000000eab00000)
  object space 302080K, 99% used [0x00000000c0000000,0x00000000d2687af8,0x00000000d2700000)
 Metaspace       used 102146K, committed 103744K, reserved 1179648K
  class space    used 9486K, committed 10240K, reserved 1048576K
}
Event: 29050.613 GC heap before
{Heap before GC invocations=7405 (full 24):
 PSYoungGen      total 5120K, used 4704K [0x00000000eab00000, 0x00000000eb100000, 0x0000000100000000)
  eden space 4096K, 100% used [0x00000000eab00000,0x00000000eaf00000,0x00000000eaf00000)
  from space 1024K, 59% used [0x00000000eb000000,0x00000000eb098000,0x00000000eb100000)
  to   space 1024K, 0% used [0x00000000eaf00000,0x00000000eaf00000,0x00000000eb000000)
 ParOldGen       total 302080K, used 301598K [0x00000000c0000000, 0x00000000d2700000, 0x00000000eab00000)
  object space 302080K, 99% used [0x00000000c0000000,0x00000000d2687af8,0x00000000d2700000)
 Metaspace       used 102147K, committed 103744K, reserved 1179648K
  class space    used 9486K, committed 10240K, reserved 1048576K
}
Event: 29050.619 GC heap after
{Heap after GC invocations=7405 (full 24):
 PSYoungGen      total 5120K, used 1007K [0x00000000eab00000, 0x00000000eb600000, 0x0000000100000000)
  eden space 4096K, 0% used [0x00000000eab00000,0x00000000eab00000,0x00000000eaf00000)
  from space 1024K, 98% used [0x00000000eaf00000,0x00000000eaffbd58,0x00000000eb000000)
  to   space 3584K, 0% used [0x00000000eb280000,0x00000000eb280000,0x00000000eb600000)
 ParOldGen       total 304128K, used 303652K [0x00000000c0000000, 0x00000000d2900000, 0x00000000eab00000)
  object space 304128K, 99% used [0x00000000c0000000,0x00000000d2889100,0x00000000d2900000)
 Metaspace       used 102147K, committed 103744K, reserved 1179648K
  class space    used 9486K, committed 10240K, reserved 1048576K
}
Event: 29050.626 GC heap before
{Heap before GC invocations=7406 (full 24):
 PSYoungGen      total 5120K, used 5103K [0x00000000eab00000, 0x00000000eb600000, 0x0000000100000000)
  eden space 4096K, 100% used [0x00000000eab00000,0x00000000eaf00000,0x00000000eaf00000)
  from space 1024K, 98% used [0x00000000eaf00000,0x00000000eaffbd58,0x00000000eb000000)
  to   space 3584K, 0% used [0x00000000eb280000,0x00000000eb280000,0x00000000eb600000)
 ParOldGen       total 304128K, used 303652K [0x00000000c0000000, 0x00000000d2900000, 0x00000000eab00000)
  object space 304128K, 99% used [0x00000000c0000000,0x00000000d2889100,0x00000000d2900000)
 Metaspace       used 102147K, committed 103744K, reserved 1179648K
  class space    used 9486K, committed 10240K, reserved 1048576K
}
Event: 29050.634 GC heap after
{Heap after GC invocations=7406 (full 24):
 PSYoungGen      total 8192K, used 2564K [0x00000000eab00000, 0x00000000eb600000, 0x0000000100000000)
  eden space 4608K, 0% used [0x00000000eab00000,0x00000000eab00000,0x00000000eaf80000)
  from space 3584K, 71% used [0x00000000eb280000,0x00000000eb501210,0x00000000eb600000)
  to   space 3072K, 0% used [0x00000000eaf80000,0x00000000eaf80000,0x00000000eb280000)
 ParOldGen       total 305152K, used 304667K [0x00000000c0000000, 0x00000000d2a00000, 0x00000000eab00000)
  object space 305152K, 99% used [0x00000000c0000000,0x00000000d2986fc8,0x00000000d2a00000)
 Metaspace       used 102147K, committed 103744K, reserved 1179648K
  class space    used 9486K, committed 10240K, reserved 1048576K
}
Event: 29050.648 GC heap before
{Heap before GC invocations=7407 (full 24):
 PSYoungGen      total 8192K, used 7172K [0x00000000eab00000, 0x00000000eb600000, 0x0000000100000000)
  eden space 4608K, 100% used [0x00000000eab00000,0x00000000eaf80000,0x00000000eaf80000)
  from space 3584K, 71% used [0x00000000eb280000,0x00000000eb501210,0x00000000eb600000)
  to   space 3072K, 0% used [0x00000000eaf80000,0x00000000eaf80000,0x00000000eb280000)
 ParOldGen       total 305152K, used 304667K [0x00000000c0000000, 0x00000000d2a00000, 0x00000000eab00000)
  object space 305152K, 99% used [0x00000000c0000000,0x00000000d2986fc8,0x00000000d2a00000)
 Metaspace       used 102147K, committed 103744K, reserved 1179648K
  class space    used 9486K, committed 10240K, reserved 1048576K
}
Event: 29050.662 GC heap after
{Heap after GC invocations=7407 (full 24):
 PSYoungGen      total 7680K, used 3072K [0x00000000eab00000, 0x00000000ebc80000, 0x0000000100000000)
  eden space 4608K, 0% used [0x00000000eab00000,0x00000000eab00000,0x00000000eaf80000)
  from space 3072K, 100% used [0x00000000eaf80000,0x00000000eb280000,0x00000000eb280000)
  to   space 6144K, 0% used [0x00000000eb680000,0x00000000eb680000,0x00000000ebc80000)
 ParOldGen       total 307712K, used 307203K [0x00000000c0000000, 0x00000000d2c80000, 0x00000000eab00000)
  object space 307712K, 99% used [0x00000000c0000000,0x00000000d2c00c98,0x00000000d2c80000)
 Metaspace       used 102147K, committed 103744K, reserved 1179648K
  class space    used 9486K, committed 10240K, reserved 1048576K
}
Event: 29050.672 GC heap before
{Heap before GC invocations=7408 (full 24):
 PSYoungGen      total 7680K, used 7680K [0x00000000eab00000, 0x00000000ebc80000, 0x0000000100000000)
  eden space 4608K, 100% used [0x00000000eab00000,0x00000000eaf80000,0x00000000eaf80000)
  from space 3072K, 100% used [0x00000000eaf80000,0x00000000eb280000,0x00000000eb280000)
  to   space 6144K, 0% used [0x00000000eb680000,0x00000000eb680000,0x00000000ebc80000)
 ParOldGen       total 307712K, used 307203K [0x00000000c0000000, 0x00000000d2c80000, 0x00000000eab00000)
  object space 307712K, 99% used [0x00000000c0000000,0x00000000d2c00c98,0x00000000d2c80000)
 Metaspace       used 102147K, committed 103744K, reserved 1179648K
  class space    used 9486K, committed 10240K, reserved 1048576K
}
Event: 29050.679 GC heap after
{Heap after GC invocations=7408 (full 24):
 PSYoungGen      total 7168K, used 1370K [0x00000000eab00000, 0x00000000eb800000, 0x0000000100000000)
  eden space 5632K, 0% used [0x00000000eab00000,0x00000000eab00000,0x00000000eb080000)
  from space 1536K, 89% used [0x00000000eb680000,0x00000000eb7d6900,0x00000000eb800000)
  to   space 3072K, 0% used [0x00000000eb200000,0x00000000eb200000,0x00000000eb500000)
 ParOldGen       total 310784K, used 310279K [0x00000000c0000000, 0x00000000d2f80000, 0x00000000eab00000)
  object space 310784K, 99% used [0x00000000c0000000,0x00000000d2f01d18,0x00000000d2f80000)
 Metaspace       used 102147K, committed 103744K, reserved 1179648K
  class space    used 9486K, committed 10240K, reserved 1048576K
}
Event: 29050.697 GC heap before
{Heap before GC invocations=7409 (full 24):
 PSYoungGen      total 7168K, used 7002K [0x00000000eab00000, 0x00000000eb800000, 0x0000000100000000)
  eden space 5632K, 100% used [0x00000000eab00000,0x00000000eb080000,0x00000000eb080000)
  from space 1536K, 89% used [0x00000000eb680000,0x00000000eb7d6900,0x00000000eb800000)
  to   space 3072K, 0% used [0x00000000eb200000,0x00000000eb200000,0x00000000eb500000)
 ParOldGen       total 310784K, used 310279K [0x00000000c0000000, 0x00000000d2f80000, 0x00000000eab00000)
  object space 310784K, 99% used [0x00000000c0000000,0x00000000d2f01d18,0x00000000d2f80000)
 Metaspace       used 102147K, committed 103744K, reserved 1179648K
  class space    used 9486K, committed 10240K, reserved 1048576K
}
Event: 29050.701 GC heap after
{Heap after GC invocations=7409 (full 24):
 PSYoungGen      total 10240K, used 800K [0x00000000eab00000, 0x00000000eb700000, 0x0000000100000000)
  eden space 7168K, 0% used [0x00000000eab00000,0x00000000eab00000,0x00000000eb200000)
  from space 3072K, 26% used [0x00000000eb200000,0x00000000eb2c8000,0x00000000eb500000)
  to   space 1536K, 0% used [0x00000000eb580000,0x00000000eb580000,0x00000000eb700000)
 ParOldGen       total 311808K, used 311579K [0x00000000c0000000, 0x00000000d3080000, 0x00000000eab00000)
  object space 311808K, 99% used [0x00000000c0000000,0x00000000d3046c28,0x00000000d3080000)
 Metaspace       used 102147K, committed 103744K, reserved 1179648K
  class space    used 9486K, committed 10240K, reserved 1048576K
}
Event: 29050.716 GC heap before
{Heap before GC invocations=7410 (full 24):
 PSYoungGen      total 10240K, used 7968K [0x00000000eab00000, 0x00000000eb700000, 0x0000000100000000)
  eden space 7168K, 100% used [0x00000000eab00000,0x00000000eb200000,0x00000000eb200000)
  from space 3072K, 26% used [0x00000000eb200000,0x00000000eb2c8000,0x00000000eb500000)
  to   space 1536K, 0% used [0x00000000eb580000,0x00000000eb580000,0x00000000eb700000)
 ParOldGen       total 311808K, used 311579K [0x00000000c0000000, 0x00000000d3080000, 0x00000000eab00000)
  object space 311808K, 99% used [0x00000000c0000000,0x00000000d3046c28,0x00000000d3080000)
 Metaspace       used 102147K, committed 103744K, reserved 1179648K
  class space    used 9486K, committed 10240K, reserved 1048576K
}
Event: 29050.725 GC heap after
{Heap after GC invocations=7410 (full 24):
 PSYoungGen      total 9728K, used 1524K [0x00000000eab00000, 0x00000000eb880000, 0x0000000100000000)
  eden space 8192K, 0% used [0x00000000eab00000,0x00000000eab00000,0x00000000eb300000)
  from space 1536K, 99% used [0x00000000eb580000,0x00000000eb6fd200,0x00000000eb700000)
  to   space 2560K, 0% used [0x00000000eb300000,0x00000000eb300000,0x00000000eb580000)
 ParOldGen       total 312320K, used 312215K [0x00000000c0000000, 0x00000000d3100000, 0x00000000eab00000)
  object space 312320K, 99% used [0x00000000c0000000,0x00000000d30e5c78,0x00000000d3100000)
 Metaspace       used 102147K, committed 103744K, reserved 1179648K
  class space    used 9486K, committed 10240K, reserved 1048576K
}
Event: 29050.750 GC heap before
{Heap before GC invocations=7411 (full 24):
 PSYoungGen      total 9728K, used 9716K [0x00000000eab00000, 0x00000000eb880000, 0x0000000100000000)
  eden space 8192K, 100% used [0x00000000eab00000,0x00000000eb300000,0x00000000eb300000)
  from space 1536K, 99% used [0x00000000eb580000,0x00000000eb6fd200,0x00000000eb700000)
  to   space 2560K, 0% used [0x00000000eb300000,0x00000000eb300000,0x00000000eb580000)
 ParOldGen       total 312320K, used 312215K [0x00000000c0000000, 0x00000000d3100000, 0x00000000eab00000)
  object space 312320K, 99% used [0x00000000c0000000,0x00000000d30e5c78,0x00000000d3100000)
 Metaspace       used 102147K, committed 103744K, reserved 1179648K
  class space    used 9486K, committed 10240K, reserved 1048576K
}
Event: 29050.759 GC heap after
{Heap after GC invocations=7411 (full 24):
 PSYoungGen      total 10752K, used 1344K [0x00000000eab00000, 0x00000000eb900000, 0x0000000100000000)
  eden space 8192K, 0% used [0x00000000eab00000,0x00000000eab00000,0x00000000eb300000)
  from space 2560K, 52% used [0x00000000eb300000,0x00000000eb450000,0x00000000eb580000)
  to   space 2048K, 0% used [0x00000000eb700000,0x00000000eb700000,0x00000000eb900000)
 ParOldGen       total 313856K, used 313673K [0x00000000c0000000, 0x00000000d3280000, 0x00000000eab00000)
  object space 313856K, 99% used [0x00000000c0000000,0x00000000d32525e8,0x00000000d3280000)
 Metaspace       used 102147K, committed 103744K, reserved 1179648K
  class space    used 9486K, committed 10240K, reserved 1048576K
}
Event: 29051.228 GC heap before
{Heap before GC invocations=7412 (full 24):
 PSYoungGen      total 10752K, used 9536K [0x00000000eab00000, 0x00000000eb900000, 0x0000000100000000)
  eden space 8192K, 100% used [0x00000000eab00000,0x00000000eb300000,0x00000000eb300000)
  from space 2560K, 52% used [0x00000000eb300000,0x00000000eb450000,0x00000000eb580000)
  to   space 2048K, 0% used [0x00000000eb700000,0x00000000eb700000,0x00000000eb900000)
 ParOldGen       total 313856K, used 313673K [0x00000000c0000000, 0x00000000d3280000, 0x00000000eab00000)
  object space 313856K, 99% used [0x00000000c0000000,0x00000000d32525e8,0x00000000d3280000)
 Metaspace       used 102149K, committed 103744K, reserved 1179648K
  class space    used 9486K, committed 10240K, reserved 1048576K
}
Event: 29051.233 GC heap after
{Heap after GC invocations=7412 (full 24):
 PSYoungGen      total 11776K, used 1460K [0x00000000eab00000, 0x00000000eb880000, 0x0000000100000000)
  eden space 10240K, 0% used [0x00000000eab00000,0x00000000eab00000,0x00000000eb500000)
  from space 1536K, 95% used [0x00000000eb700000,0x00000000eb86d200,0x00000000eb880000)
  to   space 1536K, 0% used [0x00000000eb580000,0x00000000eb580000,0x00000000eb700000)
 ParOldGen       total 314880K, used 314876K [0x00000000c0000000, 0x00000000d3380000, 0x00000000eab00000)
  object space 314880K, 99% used [0x00000000c0000000,0x00000000d337f0c8,0x00000000d3380000)
 Metaspace       used 102149K, committed 103744K, reserved 1179648K
  class space    used 9486K, committed 10240K, reserved 1048576K
}
Event: 29051.262 GC heap before
{Heap before GC invocations=7413 (full 24):
 PSYoungGen      total 11776K, used 11700K [0x00000000eab00000, 0x00000000eb880000, 0x0000000100000000)
  eden space 10240K, 100% used [0x00000000eab00000,0x00000000eb500000,0x00000000eb500000)
  from space 1536K, 95% used [0x00000000eb700000,0x00000000eb86d200,0x00000000eb880000)
  to   space 1536K, 0% used [0x00000000eb580000,0x00000000eb580000,0x00000000eb700000)
 ParOldGen       total 314880K, used 314876K [0x00000000c0000000, 0x00000000d3380000, 0x00000000eab00000)
  object space 314880K, 99% used [0x00000000c0000000,0x00000000d337f0c8,0x00000000d3380000)
 Metaspace       used 102149K, committed 103744K, reserved 1179648K
  class space    used 9486K, committed 10240K, reserved 1048576K
}

Dll operation events (10 events):
Event: 0.005 Loaded shared library /home/mk/.vscode/extensions/redhat.java-1.42.0-linux-x64/jre/21.0.7-linux-x86_64/lib/libjava.so
Event: 0.298 Loaded shared library /home/mk/.vscode/extensions/redhat.java-1.42.0-linux-x64/jre/21.0.7-linux-x86_64/lib/libzip.so
Event: 0.354 Loaded shared library /home/mk/.vscode/extensions/redhat.java-1.42.0-linux-x64/jre/21.0.7-linux-x86_64/lib/libinstrument.so
Event: 0.357 Loaded shared library /home/mk/.vscode/extensions/redhat.java-1.42.0-linux-x64/jre/21.0.7-linux-x86_64/lib/libnio.so
Event: 0.361 Loaded shared library /home/mk/.vscode/extensions/redhat.java-1.42.0-linux-x64/jre/21.0.7-linux-x86_64/lib/libzip.so
Event: 0.406 Loaded shared library /home/mk/.vscode/extensions/redhat.java-1.42.0-linux-x64/jre/21.0.7-linux-x86_64/lib/libjimage.so
Event: 0.586 Loaded shared library /home/mk/.vscode/extensions/redhat.java-1.42.0-linux-x64/jre/21.0.7-linux-x86_64/lib/libverify.so
Event: 2.391 Loaded shared library /home/mk/.vscode/extensions/redhat.java-1.42.0-linux-x64/jre/21.0.7-linux-x86_64/lib/libnet.so
Event: 3.886 Loaded shared library /home/mk/.config/Code/User/globalStorage/redhat.java/1.42.0/config_linux/org.eclipse.equinox.launcher/org.eclipse.equinox.launcher.gtk.linux.x86_64_1.2.1400.v20250331-1702/eclipse_11911.so
Event: 4311.500 Loaded shared library /home/mk/.vscode/extensions/redhat.java-1.42.0-linux-x64/jre/21.0.7-linux-x86_64/lib/libextnet.so

Deoptimization events (20 events):
Event: 29050.317 Thread 0x00007fd2d80f6400 Uncommon trap: trap_request=0xffffff6e fr.pc=0x00007fd39ef74298 relative=0x00000000000001f8
Event: 29050.317 Thread 0x00007fd2d80f6400 Uncommon trap: reason=loop_limit_check action=maybe_recompile pc=0x00007fd39ef74298 method=java.util.DualPivotQuicksort.insertionSort([III)V @ 35 c2
Event: 29050.317 Thread 0x00007fd2d80f6400 DEOPT PACKING pc=0x00007fd39ef74298 sp=0x00007fd34c2f0710
Event: 29050.317 Thread 0x00007fd2d80f6400 DEOPT UNPACKING pc=0x00007fd39d38a399 sp=0x00007fd34c2f05b8 mode 2
Event: 29050.446 Thread 0x00007fd2d80f6400 Uncommon trap: trap_request=0xffffff6e fr.pc=0x00007fd39db3dab8 relative=0x0000000000000198
Event: 29050.446 Thread 0x00007fd2d80f6400 Uncommon trap: reason=loop_limit_check action=maybe_recompile pc=0x00007fd39db3dab8 method=java.util.DualPivotQuicksort.insertionSort([III)V @ 35 c2
Event: 29050.446 Thread 0x00007fd2d80f6400 DEOPT PACKING pc=0x00007fd39db3dab8 sp=0x00007fd34c2f03c0
Event: 29050.446 Thread 0x00007fd2d80f6400 DEOPT UNPACKING pc=0x00007fd39d38a399 sp=0x00007fd34c2f0370 mode 2
Event: 29051.236 Thread 0x00007fd2d80f6400 Uncommon trap: trap_request=0xffffff45 fr.pc=0x00007fd39da65af0 relative=0x0000000000000250
Event: 29051.236 Thread 0x00007fd2d80f6400 Uncommon trap: reason=unstable_if action=reinterpret pc=0x00007fd39da65af0 method=org.eclipse.jdt.internal.core.NameLookup.acceptType(Lorg/eclipse/jdt/core/IType;IZ)Z @ 54 c2
Event: 29051.236 Thread 0x00007fd2d80f6400 DEOPT PACKING pc=0x00007fd39da65af0 sp=0x00007fd34c2f0c00
Event: 29051.236 Thread 0x00007fd2d80f6400 DEOPT UNPACKING pc=0x00007fd39d38a399 sp=0x00007fd34c2f0b98 mode 2
Event: 29051.237 Thread 0x00007fd2d80f6400 Uncommon trap: trap_request=0xffffffbe fr.pc=0x00007fd39f25fb2c relative=0x000000000000036c
Event: 29051.237 Thread 0x00007fd2d80f6400 Uncommon trap: reason=profile_predicate action=maybe_recompile pc=0x00007fd39f25fb2c method=org.eclipse.jdt.internal.core.util.BindingKeyParser$Scanner.nextToken()I @ 1078 c2
Event: 29051.237 Thread 0x00007fd2d80f6400 DEOPT PACKING pc=0x00007fd39f25fb2c sp=0x00007fd34c2f0e90
Event: 29051.237 Thread 0x00007fd2d80f6400 DEOPT UNPACKING pc=0x00007fd39d38a399 sp=0x00007fd34c2f0e30 mode 2
Event: 29051.237 Thread 0x00007fd2d80f6400 Uncommon trap: trap_request=0xffffffbe fr.pc=0x00007fd39f25fb2c relative=0x000000000000036c
Event: 29051.237 Thread 0x00007fd2d80f6400 Uncommon trap: reason=profile_predicate action=maybe_recompile pc=0x00007fd39f25fb2c method=org.eclipse.jdt.internal.core.util.BindingKeyParser$Scanner.nextToken()I @ 1078 c2
Event: 29051.237 Thread 0x00007fd2d80f6400 DEOPT PACKING pc=0x00007fd39f25fb2c sp=0x00007fd34c2f0e90
Event: 29051.237 Thread 0x00007fd2d80f6400 DEOPT UNPACKING pc=0x00007fd39d38a399 sp=0x00007fd34c2f0e30 mode 2

Classes loaded (20 events):
Event: 27713.931 Loading class jdk/internal/module/IllegalAccessLogger
Event: 27713.931 Loading class jdk/internal/module/IllegalAccessLogger done
Event: 27742.088 Loading class java/util/DualPivotQuicksort$Sorter
Event: 27742.091 Loading class java/util/DualPivotQuicksort$Sorter done
Event: 27749.874 Loading class jdk/internal/module/IllegalAccessLogger
Event: 27749.874 Loading class jdk/internal/module/IllegalAccessLogger done
Event: 27866.364 Loading class jdk/internal/module/IllegalAccessLogger
Event: 27866.364 Loading class jdk/internal/module/IllegalAccessLogger done
Event: 28059.376 Loading class jdk/internal/module/IllegalAccessLogger
Event: 28059.376 Loading class jdk/internal/module/IllegalAccessLogger done
Event: 28063.121 Loading class jdk/internal/module/IllegalAccessLogger
Event: 28063.121 Loading class jdk/internal/module/IllegalAccessLogger done
Event: 28075.995 Loading class jdk/internal/module/IllegalAccessLogger
Event: 28075.995 Loading class jdk/internal/module/IllegalAccessLogger done
Event: 28083.732 Loading class jdk/internal/module/IllegalAccessLogger
Event: 28083.732 Loading class jdk/internal/module/IllegalAccessLogger done
Event: 28091.884 Loading class jdk/internal/module/IllegalAccessLogger
Event: 28091.884 Loading class jdk/internal/module/IllegalAccessLogger done
Event: 28099.471 Loading class jdk/internal/module/IllegalAccessLogger
Event: 28099.471 Loading class jdk/internal/module/IllegalAccessLogger done

Classes unloaded (20 events):
Event: 26789.078 Thread 0x00007fd3a80e7ce0 Unloading class 0x00007fd34e618800 'jdk/internal/reflect/GeneratedSerializationConstructorAccessor142'
Event: 26789.078 Thread 0x00007fd3a80e7ce0 Unloading class 0x00007fd34e618000 'jdk/internal/reflect/GeneratedSerializationConstructorAccessor141'
Event: 26789.078 Thread 0x00007fd3a80e7ce0 Unloading class 0x00007fd34e22e400 'jdk/internal/reflect/GeneratedSerializationConstructorAccessor140'
Event: 26789.078 Thread 0x00007fd3a80e7ce0 Unloading class 0x00007fd34e772400 'java/lang/invoke/LambdaForm$MH+0x00007fd34e772400'
Event: 26789.078 Thread 0x00007fd3a80e7ce0 Unloading class 0x00007fd34e171800 'java/lang/invoke/LambdaForm$MH+0x00007fd34e171800'
Event: 26789.078 Thread 0x00007fd3a80e7ce0 Unloading class 0x00007fd34e01b800 'java/lang/invoke/LambdaForm$MH+0x00007fd34e01b800'
Event: 26789.078 Thread 0x00007fd3a80e7ce0 Unloading class 0x00007fd34e01a800 'java/lang/invoke/LambdaForm$MH+0x00007fd34e01a800'
Event: 26789.078 Thread 0x00007fd3a80e7ce0 Unloading class 0x00007fd34e01a400 'java/lang/invoke/LambdaForm$MH+0x00007fd34e01a400'
Event: 26789.078 Thread 0x00007fd3a80e7ce0 Unloading class 0x00007fd34e019c00 'java/lang/invoke/LambdaForm$MH+0x00007fd34e019c00'
Event: 26789.078 Thread 0x00007fd3a80e7ce0 Unloading class 0x00007fd34e018c00 'java/lang/invoke/LambdaForm$MH+0x00007fd34e018c00'
Event: 26789.078 Thread 0x00007fd3a80e7ce0 Unloading class 0x00007fd34e014800 'java/lang/invoke/LambdaForm$MH+0x00007fd34e014800'
Event: 26789.078 Thread 0x00007fd3a80e7ce0 Unloading class 0x00007fd34e000400 'java/lang/invoke/LambdaForm$MH+0x00007fd34e000400'
Event: 26789.078 Thread 0x00007fd3a80e7ce0 Unloading class 0x00007fd34e971800 'java/lang/invoke/LambdaForm$MH+0x00007fd34e971800'
Event: 26789.078 Thread 0x00007fd3a80e7ce0 Unloading class 0x00007fd34e9aa800 'java/lang/invoke/LambdaForm$BMH+0x00007fd34e9aa800'
Event: 26789.078 Thread 0x00007fd3a80e7ce0 Unloading class 0x00007fd34ea21400 'java/lang/invoke/LambdaForm$MH+0x00007fd34ea21400'
Event: 27677.518 Thread 0x00007fd3a80e7ce0 Unloading class 0x00007fd34e01b800 'java/lang/invoke/LambdaForm$MH+0x00007fd34e01b800'
Event: 27677.518 Thread 0x00007fd3a80e7ce0 Unloading class 0x00007fd34e171800 'java/lang/invoke/LambdaForm$MH+0x00007fd34e171800'
Event: 27677.518 Thread 0x00007fd3a80e7ce0 Unloading class 0x00007fd34e22e400 'java/lang/invoke/LambdaForm$MH+0x00007fd34e22e400'
Event: 27677.518 Thread 0x00007fd3a80e7ce0 Unloading class 0x00007fd34e9a9800 'java/lang/invoke/LambdaForm$BMH+0x00007fd34e9a9800'
Event: 27677.518 Thread 0x00007fd3a80e7ce0 Unloading class 0x00007fd34ea14000 'java/lang/invoke/LambdaForm$DMH+0x00007fd34ea14000'

Classes redefined (0 events):
No events

Internal exceptions (20 events):
Event: 27812.290 Thread 0x00007fd2f0048c10 Exception <a 'java/lang/ClassNotFoundException'{0x00000000eb88bb80}: sun/net/www/protocol/jdt/Handler> (0x00000000eb88bb80) 
thrown [src/hotspot/share/classfile/systemDictionary.cpp, line 312]
Event: 27812.290 Thread 0x00007fd2f0048c10 Exception <a 'java/lang/ClassNotFoundException'{0x00000000eb88ee18}: sun/net/www/protocol/jdt/Handler> (0x00000000eb88ee18) 
thrown [src/hotspot/share/classfile/systemDictionary.cpp, line 312]
Event: 27812.290 Thread 0x00007fd2f0048c10 Exception <a 'java/lang/ClassNotFoundException'{0x00000000eb894210}: sun/net/www/protocol/jdt/Handler> (0x00000000eb894210) 
thrown [src/hotspot/share/classfile/systemDictionary.cpp, line 312]
Event: 27812.290 Thread 0x00007fd2f0048c10 Exception <a 'java/lang/ClassNotFoundException'{0x00000000eb8969a8}: sun/net/www/protocol/jdt/Handler> (0x00000000eb8969a8) 
thrown [src/hotspot/share/classfile/systemDictionary.cpp, line 312]
Event: 27866.081 Thread 0x00007fd300ac1940 Exception <a 'sun/nio/fs/UnixException'{0x00000000eb809640}> (0x00000000eb809640) 
thrown [src/hotspot/share/prims/jni.cpp, line 520]
Event: 27866.564 Thread 0x00007fd300ac1940 Exception <a 'sun/nio/fs/UnixException'{0x00000000eb0e9590}> (0x00000000eb0e9590) 
thrown [src/hotspot/share/prims/jni.cpp, line 520]
Event: 27869.548 Thread 0x00007fd2dc2493b0 Exception <a 'java/lang/ClassNotFoundException'{0x00000000eb2b86b8}: sun/net/www/protocol/jdt/Handler> (0x00000000eb2b86b8) 
thrown [src/hotspot/share/classfile/systemDictionary.cpp, line 312]
Event: 28057.114 Thread 0x00007fd3a8440f00 Exception <a 'java/lang/ArrayIndexOutOfBoundsException'{0x00000000eac41f00}> (0x00000000eac41f00) 
thrown [src/hotspot/share/runtime/sharedRuntime.cpp, line 625]
Event: 28059.181 Thread 0x00007fd300ac1940 Exception <a 'sun/nio/fs/UnixException'{0x00000000ead104f8}> (0x00000000ead104f8) 
thrown [src/hotspot/share/prims/jni.cpp, line 520]
Event: 28059.503 Thread 0x00007fd300ac1940 Exception <a 'sun/nio/fs/UnixException'{0x00000000eae84650}> (0x00000000eae84650) 
thrown [src/hotspot/share/prims/jni.cpp, line 520]
Event: 28062.920 Thread 0x00007fd300ac1940 Exception <a 'sun/nio/fs/UnixException'{0x00000000eb18ed10}> (0x00000000eb18ed10) 
thrown [src/hotspot/share/prims/jni.cpp, line 520]
Event: 28063.247 Thread 0x00007fd300ac1940 Exception <a 'sun/nio/fs/UnixException'{0x00000000eb231910}> (0x00000000eb231910) 
thrown [src/hotspot/share/prims/jni.cpp, line 520]
Event: 28075.854 Thread 0x00007fd300ac1940 Exception <a 'sun/nio/fs/UnixException'{0x00000000ead27138}> (0x00000000ead27138) 
thrown [src/hotspot/share/prims/jni.cpp, line 520]
Event: 28076.182 Thread 0x00007fd300ac1940 Exception <a 'sun/nio/fs/UnixException'{0x00000000eaccb038}> (0x00000000eaccb038) 
thrown [src/hotspot/share/prims/jni.cpp, line 520]
Event: 28083.506 Thread 0x00007fd300ac1940 Exception <a 'sun/nio/fs/UnixException'{0x00000000eaec0ce0}> (0x00000000eaec0ce0) 
thrown [src/hotspot/share/prims/jni.cpp, line 520]
Event: 28083.898 Thread 0x00007fd300ac1940 Exception <a 'sun/nio/fs/UnixException'{0x00000000eb0aa488}> (0x00000000eb0aa488) 
thrown [src/hotspot/share/prims/jni.cpp, line 520]
Event: 28091.179 Thread 0x00007fd300ac1940 Exception <a 'sun/nio/fs/UnixException'{0x00000000eb19e5a8}> (0x00000000eb19e5a8) 
thrown [src/hotspot/share/prims/jni.cpp, line 520]
Event: 28092.021 Thread 0x00007fd300ac1940 Exception <a 'sun/nio/fs/UnixException'{0x00000000eb515b18}> (0x00000000eb515b18) 
thrown [src/hotspot/share/prims/jni.cpp, line 520]
Event: 28099.304 Thread 0x00007fd300ac1940 Exception <a 'sun/nio/fs/UnixException'{0x00000000eabec248}> (0x00000000eabec248) 
thrown [src/hotspot/share/prims/jni.cpp, line 520]
Event: 28099.678 Thread 0x00007fd300ac1940 Exception <a 'sun/nio/fs/UnixException'{0x00000000eab393f0}> (0x00000000eab393f0) 
thrown [src/hotspot/share/prims/jni.cpp, line 520]

ZGC Phase Switch (0 events):
No events

VM Operations (20 events):
Event: 29050.565 Executing VM operation: ParallelGCFailedAllocation (Allocation Failure) done
Event: 29050.587 Executing VM operation: ParallelGCFailedAllocation (Allocation Failure)
Event: 29050.592 Executing VM operation: ParallelGCFailedAllocation (Allocation Failure) done
Event: 29050.613 Executing VM operation: ParallelGCFailedAllocation (Allocation Failure)
Event: 29050.620 Executing VM operation: ParallelGCFailedAllocation (Allocation Failure) done
Event: 29050.626 Executing VM operation: ParallelGCFailedAllocation (Allocation Failure)
Event: 29050.634 Executing VM operation: ParallelGCFailedAllocation (Allocation Failure) done
Event: 29050.644 Executing VM operation: ParallelGCFailedAllocation (Allocation Failure)
Event: 29050.662 Executing VM operation: ParallelGCFailedAllocation (Allocation Failure) done
Event: 29050.671 Executing VM operation: ParallelGCFailedAllocation (Allocation Failure)
Event: 29050.679 Executing VM operation: ParallelGCFailedAllocation (Allocation Failure) done
Event: 29050.697 Executing VM operation: ParallelGCFailedAllocation (Allocation Failure)
Event: 29050.701 Executing VM operation: ParallelGCFailedAllocation (Allocation Failure) done
Event: 29050.716 Executing VM operation: ParallelGCFailedAllocation (Allocation Failure)
Event: 29050.725 Executing VM operation: ParallelGCFailedAllocation (Allocation Failure) done
Event: 29050.750 Executing VM operation: ParallelGCFailedAllocation (Allocation Failure)
Event: 29050.759 Executing VM operation: ParallelGCFailedAllocation (Allocation Failure) done
Event: 29051.228 Executing VM operation: ParallelGCFailedAllocation (Allocation Failure)
Event: 29051.233 Executing VM operation: ParallelGCFailedAllocation (Allocation Failure) done
Event: 29051.262 Executing VM operation: ParallelGCFailedAllocation (Allocation Failure)

Memory protections (20 events):
Event: 28047.605 Protecting memory [0x00007fd2eafc5000,0x00007fd2eafc9000] with protection modes 0
Event: 28059.343 Protecting memory [0x00007fd2eb9be000,0x00007fd2eb9c2000] with protection modes 0
Event: 28059.377 Protecting memory [0x00007fd2eb7cd000,0x00007fd2eb7d1000] with protection modes 0
Event: 28063.336 Protecting memory [0x00007fd2ebbfd000,0x00007fd2ebc01000] with protection modes 0
Event: 28075.850 Protecting memory [0x00007fd2eb0c6000,0x00007fd2eb0ca000] with protection modes 0
Event: 28076.224 Protecting memory [0x00007fd2eacc2000,0x00007fd2eacc6000] with protection modes 0
Event: 28166.135 Protecting memory [0x00007fd2eb3c9000,0x00007fd2eb3cd000] with protection modes 0
Event: 28519.731 Protecting memory [0x00007fd34c0f2000,0x00007fd34c0f6000] with protection modes 0
Event: 28533.111 Protecting memory [0x00007fd2eb9be000,0x00007fd2eb9c2000] with protection modes 0
Event: 28533.111 Protecting memory [0x00007fd34c1f3000,0x00007fd34c1f7000] with protection modes 0
Event: 28572.230 Protecting memory [0x00007fd2eb4ca000,0x00007fd2eb4ce000] with protection modes 0
Event: 28572.599 Protecting memory [0x00007fd2eaec4000,0x00007fd2eaec8000] with protection modes 0
Event: 28572.599 Protecting memory [0x00007fd2eb3c9000,0x00007fd2eb3cd000] with protection modes 0
Event: 28872.237 Protecting memory [0x00007fd2eb9be000,0x00007fd2eb9c2000] with protection modes 0
Event: 29002.698 Protecting memory [0x00007fd2eb9be000,0x00007fd2eb9c2000] with protection modes 0
Event: 29002.706 Protecting memory [0x00007fd34c1f3000,0x00007fd34c1f7000] with protection modes 0
Event: 29002.982 Protecting memory [0x00007fd2eb3c9000,0x00007fd2eb3cd000] with protection modes 0
Event: 29003.672 Protecting memory [0x00007fd34c0f2000,0x00007fd34c0f6000] with protection modes 0
Event: 29050.369 Protecting memory [0x00007fd34c0f2000,0x00007fd34c0f6000] with protection modes 0
Event: 29050.687 Protecting memory [0x00007fd34c0f2000,0x00007fd34c0f6000] with protection modes 0

Nmethod flushes (20 events):
Event: 28091.581 Thread 0x00007fd3a80e7ce0 flushing  nmethod 0x00007fd397c89510
Event: 28091.581 Thread 0x00007fd3a80e7ce0 flushing  nmethod 0x00007fd397cb9210
Event: 28091.581 Thread 0x00007fd3a80e7ce0 flushing  nmethod 0x00007fd397d42010
Event: 28091.581 Thread 0x00007fd3a80e7ce0 flushing  nmethod 0x00007fd397dad810
Event: 28091.581 Thread 0x00007fd3a80e7ce0 flushing  nmethod 0x00007fd397ebc290
Event: 28091.581 Thread 0x00007fd3a80e7ce0 flushing  nmethod 0x00007fd397efb890
Event: 28091.581 Thread 0x00007fd3a80e7ce0 flushing  nmethod 0x00007fd397fcec90
Event: 28091.581 Thread 0x00007fd3a80e7ce0 flushing  nmethod 0x00007fd398258110
Event: 28091.581 Thread 0x00007fd3a80e7ce0 flushing  nmethod 0x00007fd39839fa90
Event: 28091.581 Thread 0x00007fd3a80e7ce0 flushing  nmethod 0x00007fd398494610
Event: 28091.581 Thread 0x00007fd3a80e7ce0 flushing  nmethod 0x00007fd3984ac610
Event: 28091.581 Thread 0x00007fd3a80e7ce0 flushing  nmethod 0x00007fd3984acb10
Event: 28091.581 Thread 0x00007fd3a80e7ce0 flushing  nmethod 0x00007fd3984ad890
Event: 28091.581 Thread 0x00007fd3a80e7ce0 flushing  nmethod 0x00007fd3984f8110
Event: 28091.581 Thread 0x00007fd3a80e7ce0 flushing  nmethod 0x00007fd39857ee10
Event: 28091.581 Thread 0x00007fd3a80e7ce0 flushing  nmethod 0x00007fd39858cc90
Event: 28091.581 Thread 0x00007fd3a80e7ce0 flushing  nmethod 0x00007fd39877ba10
Event: 28091.581 Thread 0x00007fd3a80e7ce0 flushing  nmethod 0x00007fd3987e3110
Event: 28091.581 Thread 0x00007fd3a80e7ce0 flushing  nmethod 0x00007fd398abbd90
Event: 28091.581 Thread 0x00007fd3a80e7ce0 flushing  nmethod 0x00007fd398f6a790

Events (20 events):
Event: 28572.230 Thread 0x00007fd2e4296130 Thread added: 0x00007fd3002e0c60
Event: 28572.599 Thread 0x00007fd3002e0c60 Thread added: 0x00007fd2e06666c0
Event: 28572.599 Thread 0x00007fd2e4296130 Thread added: 0x00007fd300777530
Event: 28656.340 Thread 0x00007fd2e4296130 Thread exited: 0x00007fd2e4296130
Event: 28656.340 Thread 0x00007fd3002c9500 Thread exited: 0x00007fd3002c9500
Event: 28658.624 Thread 0x00007fd2dc241380 Thread exited: 0x00007fd2dc241380
Event: 28658.772 Thread 0x00007fd300777530 Thread exited: 0x00007fd300777530
Event: 28718.624 Thread 0x00007fd2e42a46f0 Thread exited: 0x00007fd2e42a46f0
Event: 28778.624 Thread 0x00007fd2e42973b0 Thread exited: 0x00007fd2e42973b0
Event: 28872.237 Thread 0x00007fd2e06666c0 Thread added: 0x00007fd314078c70
Event: 28872.238 Thread 0x00007fd314078c70 Thread exited: 0x00007fd314078c70
Event: 29002.698 Thread 0x00007fd3a8440f00 Thread added: 0x00007fd2dc241380
Event: 29002.706 Thread 0x00007fd2dc241380 Thread added: 0x00007fd2d80f6400
Event: 29002.982 Thread 0x00007fd2d80f6400 Thread added: 0x00007fd2f0048c10
Event: 29003.654 Thread 0x00007fd3a80f9a00 Thread added: 0x00007fd3280d2d30
Event: 29004.023 Thread 0x00007fd3280d2d30 Thread exited: 0x00007fd3280d2d30
Event: 29050.366 Thread 0x00007fd3a80f8380 Thread added: 0x00007fd324a2ab60
Event: 29050.571 Thread 0x00007fd324a2ab60 Thread exited: 0x00007fd324a2ab60
Event: 29050.679 Thread 0x00007fd3a80f9a00 Thread added: 0x00007fd3280d2d30
Event: 29051.210 Thread 0x00007fd3280d2d30 Thread exited: 0x00007fd3280d2d30


Dynamic libraries:
c0000000-d3a00000 rw-p 00000000 00:00 0 
d3a00000-eab00000 ---p 00000000 00:00 0 
eab00000-eb880000 rw-p 00000000 00:00 0 
eb880000-100000000 ---p 00000000 00:00 0 
55a7c3e5c000-55a7c3e5d000 r-xp 00000000 08:13 5397412                    /home/mk/.vscode/extensions/redhat.java-1.42.0-linux-x64/jre/21.0.7-linux-x86_64/bin/java
55a7c3e5e000-55a7c3e5f000 r--p 00001000 08:13 5397412                    /home/mk/.vscode/extensions/redhat.java-1.42.0-linux-x64/jre/21.0.7-linux-x86_64/bin/java
55a7c3e5f000-55a7c3e60000 rw-p 00002000 08:13 5397412                    /home/mk/.vscode/extensions/redhat.java-1.42.0-linux-x64/jre/21.0.7-linux-x86_64/bin/java
55a7fbf04000-55a7fc03b000 rw-p 00000000 00:00 0                          [heap]
7fd2c3000000-7fd2c30f0000 rw-p 00000000 00:00 0 
7fd2c30f0000-7fd2c31f0000 rw-p 00000000 00:00 0 
7fd2c31f0000-7fd2c3270000 rw-p 00000000 00:00 0 
7fd2c3270000-7fd2c32f0000 rw-p 00000000 00:00 0 
7fd2c32f0000-7fd2c34f0000 rw-p 00000000 00:00 0 
7fd2c34f0000-7fd2c3ef0000 rw-p 00000000 00:00 0 
7fd2c3ef0000-7fd2c3ff0000 rw-p 00000000 00:00 0 
7fd2c3ff0000-7fd2c46f0000 rw-p 00000000 00:00 0 
7fd2c46f0000-7fd2c4770000 rw-p 00000000 00:00 0 
7fd2c4770000-7fd2c4800000 ---p 00000000 00:00 0 
7fd2c4800000-7fd2c4be0000 rw-p 00000000 00:00 0 
7fd2c4be0000-7fd2c7000000 ---p 00000000 00:00 0 
7fd2c7a00000-7fd2cff02000 r--s 00000000 08:13 3574990                    /usr/lib/jvm/jdk-21.0.7-oracle-x64/lib/modules
7fd2d0000000-7fd2d0400000 rw-p 00000000 00:00 0 
7fd2d0400000-7fd2d4000000 ---p 00000000 00:00 0 
7fd2d4000000-7fd2d6948000 rw-p 00000000 00:00 0 
7fd2d6948000-7fd2d8000000 ---p 00000000 00:00 0 
7fd2d8000000-7fd2d9a52000 rw-p 00000000 00:00 0 
7fd2d9a52000-7fd2dc000000 ---p 00000000 00:00 0 
7fd2dc000000-7fd2dc761000 rw-p 00000000 00:00 0 
7fd2dc761000-7fd2e0000000 ---p 00000000 00:00 0 
7fd2e0000000-7fd2e0f16000 rw-p 00000000 00:00 0 
7fd2e0f16000-7fd2e4000000 ---p 00000000 00:00 0 
7fd2e4000000-7fd2e4808000 rw-p 00000000 00:00 0 
7fd2e4808000-7fd2e8000000 ---p 00000000 00:00 0 
7fd2ea1b6000-7fd2ea1b7000 ---p 00000000 00:00 0 
7fd2ea1b7000-7fd2ea1bb000 ---p 00000000 00:00 0 
7fd2ea1bb000-7fd2ea2b7000 rw-p 00000000 00:00 0 
7fd2ea2b7000-7fd2ea2b8000 ---p 00000000 00:00 0 
7fd2ea2b8000-7fd2ea2bc000 ---p 00000000 00:00 0 
7fd2ea2bc000-7fd2ea3b8000 rw-p 00000000 00:00 0 
7fd2ea3b8000-7fd2ea3b9000 ---p 00000000 00:00 0 
7fd2ea3b9000-7fd2ea3bd000 ---p 00000000 00:00 0 
7fd2ea3bd000-7fd2ea4b9000 rw-p 00000000 00:00 0 
7fd2ea4b9000-7fd2ea4ba000 ---p 00000000 00:00 0 
7fd2ea4ba000-7fd2ea4be000 ---p 00000000 00:00 0 
7fd2ea4be000-7fd2ea5ba000 rw-p 00000000 00:00 0 
7fd2ea5ba000-7fd2ea5bb000 ---p 00000000 00:00 0 
7fd2ea5bb000-7fd2ea5bf000 ---p 00000000 00:00 0 
7fd2ea5bf000-7fd2ea6bb000 rw-p 00000000 00:00 0 
7fd2ea6bb000-7fd2ea6bc000 ---p 00000000 00:00 0 
7fd2ea6bc000-7fd2ea6c0000 ---p 00000000 00:00 0 
7fd2ea6c0000-7fd2ea7bc000 rw-p 00000000 00:00 0 
7fd2ea7bc000-7fd2ea7bd000 ---p 00000000 00:00 0 
7fd2ea7bd000-7fd2ea7c1000 ---p 00000000 00:00 0 
7fd2ea7c1000-7fd2ea8bd000 rw-p 00000000 00:00 0 
7fd2ea8bd000-7fd2ea8be000 ---p 00000000 00:00 0 
7fd2ea8be000-7fd2ea8c2000 ---p 00000000 00:00 0 
7fd2ea8c2000-7fd2ea9be000 rw-p 00000000 00:00 0 
7fd2ea9be000-7fd2ea9bf000 ---p 00000000 00:00 0 
7fd2ea9bf000-7fd2ea9c3000 ---p 00000000 00:00 0 
7fd2ea9c3000-7fd2eaabf000 rw-p 00000000 00:00 0 
7fd2eaabf000-7fd2eaac0000 ---p 00000000 00:00 0 
7fd2eaac0000-7fd2eaac4000 ---p 00000000 00:00 0 
7fd2eaac4000-7fd2eabc0000 rw-p 00000000 00:00 0 
7fd2eabc0000-7fd2eabc1000 ---p 00000000 00:00 0 
7fd2eabc1000-7fd2eabc5000 ---p 00000000 00:00 0 
7fd2eabc5000-7fd2eacc1000 rw-p 00000000 00:00 0 
7fd2eacc1000-7fd2eacc2000 ---p 00000000 00:00 0 
7fd2eacc2000-7fd2eacc6000 ---p 00000000 00:00 0 
7fd2eacc6000-7fd2eadc2000 rw-p 00000000 00:00 0 
7fd2eadc2000-7fd2eadc3000 ---p 00000000 00:00 0 
7fd2eadc3000-7fd2eadc7000 ---p 00000000 00:00 0 
7fd2eadc7000-7fd2eaec3000 rw-p 00000000 00:00 0 
7fd2eaec3000-7fd2eaec4000 ---p 00000000 00:00 0 
7fd2eaec4000-7fd2eaec8000 ---p 00000000 00:00 0 
7fd2eaec8000-7fd2eafc4000 rw-p 00000000 00:00 0 
7fd2eafc4000-7fd2eafc5000 ---p 00000000 00:00 0 
7fd2eafc5000-7fd2eafc9000 ---p 00000000 00:00 0 
7fd2eafc9000-7fd2eb0c5000 rw-p 00000000 00:00 0 
7fd2eb0c5000-7fd2eb0c6000 ---p 00000000 00:00 0 
7fd2eb0c6000-7fd2eb0ca000 ---p 00000000 00:00 0 
7fd2eb0ca000-7fd2eb1c6000 rw-p 00000000 00:00 0 
7fd2eb1c6000-7fd2eb1c7000 ---p 00000000 00:00 0 
7fd2eb1c7000-7fd2eb1cb000 ---p 00000000 00:00 0 
7fd2eb1cb000-7fd2eb2c7000 rw-p 00000000 00:00 0 
7fd2eb2c7000-7fd2eb2c8000 ---p 00000000 00:00 0 
7fd2eb2c8000-7fd2eb2cc000 ---p 00000000 00:00 0 
7fd2eb2cc000-7fd2eb3c8000 rw-p 00000000 00:00 0 
7fd2eb3c8000-7fd2eb3c9000 ---p 00000000 00:00 0 
7fd2eb3c9000-7fd2eb3cd000 ---p 00000000 00:00 0 
7fd2eb3cd000-7fd2eb4c9000 rw-p 00000000 00:00 0 
7fd2eb4c9000-7fd2eb4ca000 ---p 00000000 00:00 0 
7fd2eb4ca000-7fd2eb4ce000 ---p 00000000 00:00 0 
7fd2eb4ce000-7fd2eb5ca000 rw-p 00000000 00:00 0 
7fd2eb5ca000-7fd2eb5cb000 ---p 00000000 00:00 0 
7fd2eb5cb000-7fd2eb5cf000 ---p 00000000 00:00 0 
7fd2eb5cf000-7fd2eb6cb000 rw-p 00000000 00:00 0 
7fd2eb6cb000-7fd2eb6cc000 ---p 00000000 00:00 0 
7fd2eb6cc000-7fd2eb6d0000 ---p 00000000 00:00 0 
7fd2eb6d0000-7fd2eb7cc000 rw-p 00000000 00:00 0 
7fd2eb7cc000-7fd2eb7cd000 ---p 00000000 00:00 0 
7fd2eb7cd000-7fd2eb7d1000 ---p 00000000 00:00 0 
7fd2eb7d1000-7fd2eb8cd000 rw-p 00000000 00:00 0 
7fd2eb9bd000-7fd2eb9be000 ---p 00000000 00:00 0 
7fd2eb9be000-7fd2eb9c2000 ---p 00000000 00:00 0 
7fd2eb9c2000-7fd2ebabe000 rw-p 00000000 00:00 0 
7fd2ebafb000-7fd2ebafc000 ---p 00000000 00:00 0 
7fd2ebafc000-7fd2ebb00000 ---p 00000000 00:00 0 
7fd2ebb00000-7fd2ebbfc000 rw-p 00000000 00:00 0 
7fd2ebbfc000-7fd2ebbfd000 ---p 00000000 00:00 0 
7fd2ebbfd000-7fd2ebc01000 ---p 00000000 00:00 0 
7fd2ebc01000-7fd2ebcfd000 rw-p 00000000 00:00 0 
7fd2ebcfd000-7fd2ebcfe000 ---p 00000000 00:00 0 
7fd2ebcfe000-7fd2ebd02000 ---p 00000000 00:00 0 
7fd2ebd02000-7fd2ebdfe000 rw-p 00000000 00:00 0 
7fd2ebdfe000-7fd2ebdff000 ---p 00000000 00:00 0 
7fd2ebdff000-7fd2ebe03000 ---p 00000000 00:00 0 
7fd2ebe03000-7fd2ebeff000 rw-p 00000000 00:00 0 
7fd2ebeff000-7fd2ebf00000 ---p 00000000 00:00 0 
7fd2ebf00000-7fd2ebf04000 ---p 00000000 00:00 0 
7fd2ebf04000-7fd2ec000000 rw-p 00000000 00:00 0 
7fd2ec000000-7fd2ecb74000 rw-p 00000000 00:00 0 
7fd2ecb74000-7fd2f0000000 ---p 00000000 00:00 0 
7fd2f0000000-7fd2f2009000 rw-p 00000000 00:00 0 
7fd2f2009000-7fd2f4000000 ---p 00000000 00:00 0 
7fd2f4000000-7fd2f48e1000 rw-p 00000000 00:00 0 
7fd2f48e1000-7fd2f8000000 ---p 00000000 00:00 0 
7fd2f8000000-7fd2f805f000 rw-p 00000000 00:00 0 
7fd2f805f000-7fd2fc000000 ---p 00000000 00:00 0 
7fd2fc000000-7fd2fc037000 rw-p 00000000 00:00 0 
7fd2fc037000-7fd300000000 ---p 00000000 00:00 0 
7fd300000000-7fd300c83000 rw-p 00000000 00:00 0 
7fd300c83000-7fd304000000 ---p 00000000 00:00 0 
7fd304000000-7fd3045ee000 rw-p 00000000 00:00 0 
7fd3045ee000-7fd308000000 ---p 00000000 00:00 0 
7fd308000000-7fd308cd0000 rw-p 00000000 00:00 0 
7fd308cd0000-7fd30c000000 ---p 00000000 00:00 0 
7fd30c000000-7fd30c106000 rw-p 00000000 00:00 0 
7fd30c106000-7fd310000000 ---p 00000000 00:00 0 
7fd310000000-7fd3112f4000 rw-p 00000000 00:00 0 
7fd3112f4000-7fd314000000 ---p 00000000 00:00 0 
7fd314000000-7fd31446f000 rw-p 00000000 00:00 0 
7fd31446f000-7fd318000000 ---p 00000000 00:00 0 
7fd318000000-7fd31812c000 rw-p 00000000 00:00 0 
7fd31812c000-7fd31c000000 ---p 00000000 00:00 0 
7fd31c000000-7fd31c34d000 rw-p 00000000 00:00 0 
7fd31c34d000-7fd320000000 ---p 00000000 00:00 0 
7fd320000000-7fd320155000 rw-p 00000000 00:00 0 
7fd320155000-7fd324000000 ---p 00000000 00:00 0 
7fd324000000-7fd327c77000 rw-p 00000000 00:00 0 
7fd327c77000-7fd328000000 ---p 00000000 00:00 0 
7fd328000000-7fd32924c000 rw-p 00000000 00:00 0 
7fd32924c000-7fd32c000000 ---p 00000000 00:00 0 
7fd32c000000-7fd32c0b9000 rw-p 00000000 00:00 0 
7fd32c0b9000-7fd330000000 ---p 00000000 00:00 0 
7fd330000000-7fd330756000 rw-p 00000000 00:00 0 
7fd330756000-7fd334000000 ---p 00000000 00:00 0 
7fd334000000-7fd334030000 rw-p 00000000 00:00 0 
7fd334030000-7fd338000000 ---p 00000000 00:00 0 
7fd338000000-7fd338c4a000 rw-p 00000000 00:00 0 
7fd338c4a000-7fd33c000000 ---p 00000000 00:00 0 
7fd33c000000-7fd33ced5000 rw-p 00000000 00:00 0 
7fd33ced5000-7fd340000000 ---p 00000000 00:00 0 
7fd340000000-7fd34022b000 rw-p 00000000 00:00 0 
7fd34022b000-7fd344000000 ---p 00000000 00:00 0 
7fd344000000-7fd3443f0000 rw-p 00000000 00:00 0 
7fd3443f0000-7fd3447f0000 rw-p 00000000 00:00 0 
7fd3447f0000-7fd3449f0000 rw-p 00000000 00:00 0 
7fd3449f0000-7fd344bf0000 rw-p 00000000 00:00 0 
7fd344bf0000-7fd3451b0000 rw-p 00000000 00:00 0 
7fd3451b0000-7fd3451f0000 rw-p 00000000 00:00 0 
7fd3451f0000-7fd3458f0000 rw-p 00000000 00:00 0 
7fd3458f0000-7fd3459f0000 rw-p 00000000 00:00 0 
7fd3459f0000-7fd345b70000 rw-p 00000000 00:00 0 
7fd345b70000-7fd345bf0000 rw-p 00000000 00:00 0 
7fd345bf0000-7fd345d70000 rw-p 00000000 00:00 0 
7fd345d70000-7fd345df0000 rw-p 00000000 00:00 0 
7fd345df0000-7fd3461f0000 rw-p 00000000 00:00 0 
7fd3461f0000-7fd3462f0000 rw-p 00000000 00:00 0 
7fd3462f0000-7fd3463f0000 rw-p 00000000 00:00 0 
7fd3463f0000-7fd3474f0000 rw-p 00000000 00:00 0 
7fd3474f0000-7fd3475f0000 rw-p 00000000 00:00 0 
7fd3475f0000-7fd348000000 rw-p 00000000 00:00 0 
7fd348000000-7fd348836000 rw-p 00000000 00:00 0 
7fd348836000-7fd34c000000 ---p 00000000 00:00 0 
7fd34c0f1000-7fd34c0f2000 ---p 00000000 00:00 0 
7fd34c0f2000-7fd34c0f6000 ---p 00000000 00:00 0 
7fd34c0f6000-7fd34c1f2000 rw-p 00000000 00:00 0 
7fd34c1f2000-7fd34c1f3000 ---p 00000000 00:00 0 
7fd34c1f3000-7fd34c1f7000 ---p 00000000 00:00 0 
7fd34c1f7000-7fd34c2f3000 rw-p 00000000 00:00 0 
7fd34c2f3000-7fd34c2f4000 ---p 00000000 00:00 0 
7fd34c2f4000-7fd34c2f8000 ---p 00000000 00:00 0 
7fd34c2f8000-7fd34c3f4000 rw-p 00000000 00:00 0 
7fd34c3f4000-7fd34c3f5000 ---p 00000000 00:00 0 
7fd34c3f5000-7fd34c3f9000 ---p 00000000 00:00 0 
7fd34c3f9000-7fd34c4f5000 rw-p 00000000 00:00 0 
7fd34c4f5000-7fd34c4f6000 ---p 00000000 00:00 0 
7fd34c4f6000-7fd34c4fa000 ---p 00000000 00:00 0 
7fd34c4fa000-7fd34c5f6000 rw-p 00000000 00:00 0 
7fd34c5f6000-7fd34c5f7000 ---p 00000000 00:00 0 
7fd34c5f7000-7fd34c5fb000 ---p 00000000 00:00 0 
7fd34c5fb000-7fd34c6f7000 rw-p 00000000 00:00 0 
7fd34c6f7000-7fd34c6f8000 ---p 00000000 00:00 0 
7fd34c6f8000-7fd34c6fc000 ---p 00000000 00:00 0 
7fd34c6fc000-7fd34c7f8000 rw-p 00000000 00:00 0 
7fd34c7f8000-7fd34c7f9000 ---p 00000000 00:00 0 
7fd34c7f9000-7fd34c7fd000 ---p 00000000 00:00 0 
7fd34c7fd000-7fd34c8f9000 rw-p 00000000 00:00 0 
7fd34c8f9000-7fd34c8fa000 ---p 00000000 00:00 0 
7fd34c8fa000-7fd34c8fe000 ---p 00000000 00:00 0 
7fd34c8fe000-7fd34c9fa000 rw-p 00000000 00:00 0 
7fd34c9fa000-7fd34c9fb000 ---p 00000000 00:00 0 
7fd34c9fb000-7fd34cafb000 rw-p 00000000 00:00 0 
7fd34cafb000-7fd34cafc000 ---p 00000000 00:00 0 
7fd34cafc000-7fd34cbfc000 rw-p 00000000 00:00 0 
7fd34cbfc000-7fd34cbfd000 ---p 00000000 00:00 0 
7fd34cbfd000-7fd34ccfd000 rw-p 00000000 00:00 0 
7fd34ccfd000-7fd34ccfe000 ---p 00000000 00:00 0 
7fd34ccfe000-7fd34cd02000 ---p 00000000 00:00 0 
7fd34cd02000-7fd34cdfe000 rw-p 00000000 00:00 0 
7fd34cdfe000-7fd34cdff000 ---p 00000000 00:00 0 
7fd34cdff000-7fd34ce03000 ---p 00000000 00:00 0 
7fd34ce03000-7fd34ceff000 rw-p 00000000 00:00 0 
7fd34ceff000-7fd34cf00000 ---p 00000000 00:00 0 
7fd34cf00000-7fd34cf04000 ---p 00000000 00:00 0 
7fd34cf04000-7fd34d000000 rw-p 00000000 00:00 0 
7fd34d000000-7fd34dbb6000 rw-p 00001000 08:13 5400700                    /home/mk/.vscode/extensions/redhat.java-1.42.0-linux-x64/jre/21.0.7-linux-x86_64/lib/server/classes.jsa
7fd34dbb6000-7fd34e000000 ---p 00000000 00:00 0 
7fd34e000000-7fd34e030000 rw-p 00000000 00:00 0 
7fd34e030000-7fd34e0b0000 rw-p 00000000 00:00 0 
7fd34e0b0000-7fd34e0f0000 rw-p 00000000 00:00 0 
7fd34e0f0000-7fd34e230000 rw-p 00000000 00:00 0 
7fd34e230000-7fd34e270000 rw-p 00000000 00:00 0 
7fd34e270000-7fd34e3f0000 rw-p 00000000 00:00 0 
7fd34e3f0000-7fd34e7d0000 rw-p 00000000 00:00 0 
7fd34e7d0000-7fd34e7f0000 rw-p 00000000 00:00 0 
7fd34e7f0000-7fd34e830000 rw-p 00000000 00:00 0 
7fd34e830000-7fd34e9d0000 rw-p 00000000 00:00 0 
7fd34e9d0000-7fd34ea00000 ---p 00000000 00:00 0 
7fd34ea00000-7fd34ea30000 rw-p 00000000 00:00 0 
7fd34ea30000-7fd38e000000 ---p 00000000 00:00 0 
7fd38e000000-7fd390000000 rw-p 00000000 00:00 0 
7fd390000000-7fd390e38000 rw-p 00000000 00:00 0 
7fd390e38000-7fd394000000 ---p 00000000 00:00 0 
7fd3940f9000-7fd3940fa000 ---p 00000000 00:00 0 
7fd3940fa000-7fd3940fe000 ---p 00000000 00:00 0 
7fd3940fe000-7fd3941fa000 rw-p 00000000 00:00 0 
7fd3941fa000-7fd3941fb000 ---p 00000000 00:00 0 
7fd3941fb000-7fd3941ff000 ---p 00000000 00:00 0 
7fd3941ff000-7fd3942fb000 rw-p 00000000 00:00 0 
7fd3942fb000-7fd3942fc000 ---p 00000000 00:00 0 
7fd3942fc000-7fd394300000 ---p 00000000 00:00 0 
7fd394300000-7fd3943fc000 rw-p 00000000 00:00 0 
7fd3943fc000-7fd3943fd000 ---p 00000000 00:00 0 
7fd3943fd000-7fd394401000 ---p 00000000 00:00 0 
7fd394401000-7fd3944fd000 rw-p 00000000 00:00 0 
7fd3944fd000-7fd3944fe000 ---p 00000000 00:00 0 
7fd3944fe000-7fd394502000 ---p 00000000 00:00 0 
7fd394502000-7fd3945fe000 rw-p 00000000 00:00 0 
7fd3945fe000-7fd3945ff000 ---p 00000000 00:00 0 
7fd3945ff000-7fd394603000 ---p 00000000 00:00 0 
7fd394603000-7fd3946ff000 rw-p 00000000 00:00 0 
7fd3946ff000-7fd394700000 ---p 00000000 00:00 0 
7fd394700000-7fd394704000 ---p 00000000 00:00 0 
7fd394704000-7fd394800000 rw-p 00000000 00:00 0 
7fd394800000-7fd394ae9000 r--p 00000000 08:13 3420282                    /usr/lib/locale/locale-archive
7fd394b7f000-7fd394b80000 ---p 00000000 00:00 0 
7fd394b80000-7fd39588c000 rw-p 00000000 00:00 0 
7fd39588c000-7fd39588d000 ---p 00000000 00:00 0 
7fd39588d000-7fd395d47000 rw-p 00000000 00:00 0 
7fd395d47000-7fd395e00000 ---p 00000000 00:00 0 
7fd395e00000-7fd399320000 rwxp 00000000 00:00 0 
7fd399320000-7fd39d337000 ---p 00000000 00:00 0 
7fd39d337000-7fd39d5a7000 rwxp 00000000 00:00 0 
7fd39d5a7000-7fd39d8c8000 ---p 00000000 00:00 0 
7fd39d8c8000-7fd39f318000 rwxp 00000000 00:00 0 
7fd39f318000-7fd3a4e00000 ---p 00000000 00:00 0 
7fd3a4e00000-7fd3a7fce000 r--s 00000000 08:13 5400690                    /home/mk/.vscode/extensions/redhat.java-1.42.0-linux-x64/jre/21.0.7-linux-x86_64/lib/modules
7fd3a7fe1000-7fd3a7fe8000 r--s 00000000 08:13 3427039                    /usr/lib/x86_64-linux-gnu/gconv/gconv-modules.cache
7fd3a7fe8000-7fd3a7fea000 r-xp 00000000 08:13 5400655                    /home/mk/.vscode/extensions/redhat.java-1.42.0-linux-x64/jre/21.0.7-linux-x86_64/lib/libextnet.so
7fd3a7fea000-7fd3a7feb000 r--p 00001000 08:13 5400655                    /home/mk/.vscode/extensions/redhat.java-1.42.0-linux-x64/jre/21.0.7-linux-x86_64/lib/libextnet.so
7fd3a7feb000-7fd3a7fec000 rw-p 00002000 08:13 5400655                    /home/mk/.vscode/extensions/redhat.java-1.42.0-linux-x64/jre/21.0.7-linux-x86_64/lib/libextnet.so
7fd3a7fec000-7fd3a7ff0000 r--p 00000000 08:13 5375273                    /home/mk/.config/Code/User/globalStorage/redhat.java/1.42.0/config_linux/org.eclipse.equinox.launcher/org.eclipse.equinox.launcher.gtk.linux.x86_64_1.2.1400.v20250331-1702/eclipse_11911.so
7fd3a7ff0000-7fd3a7ffa000 r-xp 00004000 08:13 5375273                    /home/mk/.config/Code/User/globalStorage/redhat.java/1.42.0/config_linux/org.eclipse.equinox.launcher/org.eclipse.equinox.launcher.gtk.linux.x86_64_1.2.1400.v20250331-1702/eclipse_11911.so
7fd3a7ffa000-7fd3a7ffd000 r--p 0000e000 08:13 5375273                    /home/mk/.config/Code/User/globalStorage/redhat.java/1.42.0/config_linux/org.eclipse.equinox.launcher/org.eclipse.equinox.launcher.gtk.linux.x86_64_1.2.1400.v20250331-1702/eclipse_11911.so
7fd3a7ffd000-7fd3a7ffe000 r--p 00010000 08:13 5375273                    /home/mk/.config/Code/User/globalStorage/redhat.java/1.42.0/config_linux/org.eclipse.equinox.launcher/org.eclipse.equinox.launcher.gtk.linux.x86_64_1.2.1400.v20250331-1702/eclipse_11911.so
7fd3a7ffe000-7fd3a7fff000 rw-p 00011000 08:13 5375273                    /home/mk/.config/Code/User/globalStorage/redhat.java/1.42.0/config_linux/org.eclipse.equinox.launcher/org.eclipse.equinox.launcher.gtk.linux.x86_64_1.2.1400.v20250331-1702/eclipse_11911.so
7fd3a7fff000-7fd3a8000000 rw-p 00000000 00:00 0 
7fd3a8000000-7fd3a879d000 rw-p 00000000 00:00 0 
7fd3a879d000-7fd3ac000000 ---p 00000000 00:00 0 
7fd3ac002000-7fd3ac00f000 r-xp 00000000 08:13 5400688                    /home/mk/.vscode/extensions/redhat.java-1.42.0-linux-x64/jre/21.0.7-linux-x86_64/lib/libverify.so
7fd3ac00f000-7fd3ac011000 r--p 0000c000 08:13 5400688                    /home/mk/.vscode/extensions/redhat.java-1.42.0-linux-x64/jre/21.0.7-linux-x86_64/lib/libverify.so
7fd3ac011000-7fd3ac012000 rw-p 0000e000 08:13 5400688                    /home/mk/.vscode/extensions/redhat.java-1.42.0-linux-x64/jre/21.0.7-linux-x86_64/lib/libverify.so
7fd3ac012000-7fd3ac026000 r-xp 00000000 08:13 5400679                    /home/mk/.vscode/extensions/redhat.java-1.42.0-linux-x64/jre/21.0.7-linux-x86_64/lib/libnio.so
7fd3ac026000-7fd3ac027000 r--p 00013000 08:13 5400679                    /home/mk/.vscode/extensions/redhat.java-1.42.0-linux-x64/jre/21.0.7-linux-x86_64/lib/libnio.so
7fd3ac027000-7fd3ac028000 rw-p 00014000 08:13 5400679                    /home/mk/.vscode/extensions/redhat.java-1.42.0-linux-x64/jre/21.0.7-linux-x86_64/lib/libnio.so
7fd3ac028000-7fd3ac029000 ---p 00000000 00:00 0 
7fd3ac029000-7fd3ac1c6000 rw-p 00000000 00:00 0 
7fd3ac1c6000-7fd3ac27e000 ---p 00000000 00:00 0 
7fd3ac27e000-7fd3ac286000 rw-p 00000000 00:00 0 
7fd3ac286000-7fd3ac32a000 ---p 00000000 00:00 0 
7fd3ac32a000-7fd3ac35f000 rw-p 00000000 00:00 0 
7fd3ac35f000-7fd3ac415000 ---p 00000000 00:00 0 
7fd3ac415000-7fd3ac480000 rw-p 00000000 00:00 0 
7fd3ac480000-7fd3ac500000 ---p 00000000 00:00 0 
7fd3ac500000-7fd3ac504000 ---p 00000000 00:00 0 
7fd3ac504000-7fd3ac600000 rw-p 00000000 00:00 0 
7fd3ac600000-7fd3ada0f000 r-xp 00000000 08:13 5400702                    /home/mk/.vscode/extensions/redhat.java-1.42.0-linux-x64/jre/21.0.7-linux-x86_64/lib/server/libjvm.so
7fd3ada0f000-7fd3ada10000 ---p 0140f000 08:13 5400702                    /home/mk/.vscode/extensions/redhat.java-1.42.0-linux-x64/jre/21.0.7-linux-x86_64/lib/server/libjvm.so
7fd3ada10000-7fd3adae4000 r--p 0140f000 08:13 5400702                    /home/mk/.vscode/extensions/redhat.java-1.42.0-linux-x64/jre/21.0.7-linux-x86_64/lib/server/libjvm.so
7fd3adae4000-7fd3adb14000 rw-p 014e3000 08:13 5400702                    /home/mk/.vscode/extensions/redhat.java-1.42.0-linux-x64/jre/21.0.7-linux-x86_64/lib/server/libjvm.so
7fd3adb14000-7fd3adb7a000 rw-p 00000000 00:00 0 
7fd3adb7c000-7fd3adb88000 r-xp 00000000 08:13 5400678                    /home/mk/.vscode/extensions/redhat.java-1.42.0-linux-x64/jre/21.0.7-linux-x86_64/lib/libnet.so
7fd3adb88000-7fd3adb89000 r--p 0000b000 08:13 5400678                    /home/mk/.vscode/extensions/redhat.java-1.42.0-linux-x64/jre/21.0.7-linux-x86_64/lib/libnet.so
7fd3adb89000-7fd3adb8a000 rw-p 0000c000 08:13 5400678                    /home/mk/.vscode/extensions/redhat.java-1.42.0-linux-x64/jre/21.0.7-linux-x86_64/lib/libnet.so
7fd3adb8a000-7fd3adba5000 r-xp 00000000 08:13 5400689                    /home/mk/.vscode/extensions/redhat.java-1.42.0-linux-x64/jre/21.0.7-linux-x86_64/lib/libzip.so
7fd3adba5000-7fd3adba6000 r--p 0001a000 08:13 5400689                    /home/mk/.vscode/extensions/redhat.java-1.42.0-linux-x64/jre/21.0.7-linux-x86_64/lib/libzip.so
7fd3adba6000-7fd3adba7000 rw-p 0001b000 08:13 5400689                    /home/mk/.vscode/extensions/redhat.java-1.42.0-linux-x64/jre/21.0.7-linux-x86_64/lib/libzip.so
7fd3adba7000-7fd3adbc0000 rw-p 00000000 00:00 0 
7fd3adbc0000-7fd3adbc7000 ---p 00000000 00:00 0 
7fd3adbc7000-7fd3adbe7000 r-xp 00000000 08:13 5400663                    /home/mk/.vscode/extensions/redhat.java-1.42.0-linux-x64/jre/21.0.7-linux-x86_64/lib/libjava.so
7fd3adbe7000-7fd3adbe8000 ---p 00020000 08:13 5400663                    /home/mk/.vscode/extensions/redhat.java-1.42.0-linux-x64/jre/21.0.7-linux-x86_64/lib/libjava.so
7fd3adbe8000-7fd3adbe9000 r--p 00020000 08:13 5400663                    /home/mk/.vscode/extensions/redhat.java-1.42.0-linux-x64/jre/21.0.7-linux-x86_64/lib/libjava.so
7fd3adbe9000-7fd3adbea000 rw-p 00021000 08:13 5400663                    /home/mk/.vscode/extensions/redhat.java-1.42.0-linux-x64/jre/21.0.7-linux-x86_64/lib/libjava.so
7fd3adbea000-7fd3adbeb000 rw-p 00000000 00:00 0 
7fd3adbeb000-7fd3adc06000 r-xp 00000000 08:13 5400667                    /home/mk/.vscode/extensions/redhat.java-1.42.0-linux-x64/jre/21.0.7-linux-x86_64/lib/libjimage.so
7fd3adc06000-7fd3adc07000 ---p 0001b000 08:13 5400667                    /home/mk/.vscode/extensions/redhat.java-1.42.0-linux-x64/jre/21.0.7-linux-x86_64/lib/libjimage.so
7fd3adc07000-7fd3adc09000 r--p 0001b000 08:13 5400667                    /home/mk/.vscode/extensions/redhat.java-1.42.0-linux-x64/jre/21.0.7-linux-x86_64/lib/libjimage.so
7fd3adc09000-7fd3adc0a000 rw-p 0001d000 08:13 5400667                    /home/mk/.vscode/extensions/redhat.java-1.42.0-linux-x64/jre/21.0.7-linux-x86_64/lib/libjimage.so
7fd3adc0a000-7fd3adc1a000 r--p 00000000 08:13 3418292                    /usr/lib/x86_64-linux-gnu/libm.so.6
7fd3adc1a000-7fd3adc8e000 r-xp 00010000 08:13 3418292                    /usr/lib/x86_64-linux-gnu/libm.so.6
7fd3adc8e000-7fd3adce8000 r--p 00084000 08:13 3418292                    /usr/lib/x86_64-linux-gnu/libm.so.6
7fd3adce8000-7fd3adce9000 r--p 000dd000 08:13 3418292                    /usr/lib/x86_64-linux-gnu/libm.so.6
7fd3adce9000-7fd3adcea000 rw-p 000de000 08:13 3418292                    /usr/lib/x86_64-linux-gnu/libm.so.6
7fd3adcea000-7fd3adceb000 r--p 00000000 08:13 3418304                    /usr/lib/x86_64-linux-gnu/librt.so.1
7fd3adceb000-7fd3adcec000 r-xp 00001000 08:13 3418304                    /usr/lib/x86_64-linux-gnu/librt.so.1
7fd3adcec000-7fd3adced000 r--p 00002000 08:13 3418304                    /usr/lib/x86_64-linux-gnu/librt.so.1
7fd3adced000-7fd3adcee000 r--p 00002000 08:13 3418304                    /usr/lib/x86_64-linux-gnu/librt.so.1
7fd3adcee000-7fd3adcef000 rw-p 00003000 08:13 3418304                    /usr/lib/x86_64-linux-gnu/librt.so.1
7fd3adcef000-7fd3adcf1000 rw-p 00000000 00:00 0 
7fd3adcf1000-7fd3add17000 r--p 00000000 08:13 3418286                    /usr/lib/x86_64-linux-gnu/libc.so.6
7fd3add17000-7fd3ade6c000 r-xp 00026000 08:13 3418286                    /usr/lib/x86_64-linux-gnu/libc.so.6
7fd3ade6c000-7fd3adebf000 r--p 0017b000 08:13 3418286                    /usr/lib/x86_64-linux-gnu/libc.so.6
7fd3adebf000-7fd3adec3000 r--p 001ce000 08:13 3418286                    /usr/lib/x86_64-linux-gnu/libc.so.6
7fd3adec3000-7fd3adec5000 rw-p 001d2000 08:13 3418286                    /usr/lib/x86_64-linux-gnu/libc.so.6
7fd3adec5000-7fd3aded2000 rw-p 00000000 00:00 0 
7fd3aded2000-7fd3aded3000 r--p 00000000 08:13 3418290                    /usr/lib/x86_64-linux-gnu/libdl.so.2
7fd3aded3000-7fd3aded4000 r-xp 00001000 08:13 3418290                    /usr/lib/x86_64-linux-gnu/libdl.so.2
7fd3aded4000-7fd3aded5000 r--p 00002000 08:13 3418290                    /usr/lib/x86_64-linux-gnu/libdl.so.2
7fd3aded5000-7fd3aded6000 r--p 00002000 08:13 3418290                    /usr/lib/x86_64-linux-gnu/libdl.so.2
7fd3aded6000-7fd3aded7000 rw-p 00003000 08:13 3418290                    /usr/lib/x86_64-linux-gnu/libdl.so.2
7fd3aded7000-7fd3aded8000 r--p 00000000 08:13 3418302                    /usr/lib/x86_64-linux-gnu/libpthread.so.0
7fd3aded8000-7fd3aded9000 r-xp 00001000 08:13 3418302                    /usr/lib/x86_64-linux-gnu/libpthread.so.0
7fd3aded9000-7fd3adeda000 r--p 00002000 08:13 3418302                    /usr/lib/x86_64-linux-gnu/libpthread.so.0
7fd3adeda000-7fd3adedb000 r--p 00002000 08:13 3418302                    /usr/lib/x86_64-linux-gnu/libpthread.so.0
7fd3adedb000-7fd3adedc000 rw-p 00003000 08:13 3418302                    /usr/lib/x86_64-linux-gnu/libpthread.so.0
7fd3adedc000-7fd3adedd000 r--p 00000000 08:13 3484167                    /usr/lib/x86_64-linux-gnu/libnss_mdns4_minimal.so.2
7fd3adedd000-7fd3adedf000 r-xp 00001000 08:13 3484167                    /usr/lib/x86_64-linux-gnu/libnss_mdns4_minimal.so.2
7fd3adedf000-7fd3adee0000 r--p 00003000 08:13 3484167                    /usr/lib/x86_64-linux-gnu/libnss_mdns4_minimal.so.2
7fd3adee0000-7fd3adee1000 r--p 00003000 08:13 3484167                    /usr/lib/x86_64-linux-gnu/libnss_mdns4_minimal.so.2
7fd3adee1000-7fd3adee2000 rw-p 00004000 08:13 3484167                    /usr/lib/x86_64-linux-gnu/libnss_mdns4_minimal.so.2
7fd3adee2000-7fd3adeea000 rw-s 00000000 08:13 4456473                    /tmp/hsperfdata_mk/2301
7fd3adeea000-7fd3adef4000 r-xp 00000000 08:13 5400658                    /home/mk/.vscode/extensions/redhat.java-1.42.0-linux-x64/jre/21.0.7-linux-x86_64/lib/libinstrument.so
7fd3adef4000-7fd3adef5000 ---p 0000a000 08:13 5400658                    /home/mk/.vscode/extensions/redhat.java-1.42.0-linux-x64/jre/21.0.7-linux-x86_64/lib/libinstrument.so
7fd3adef5000-7fd3adef6000 r--p 0000a000 08:13 5400658                    /home/mk/.vscode/extensions/redhat.java-1.42.0-linux-x64/jre/21.0.7-linux-x86_64/lib/libinstrument.so
7fd3adef6000-7fd3adef7000 rw-p 0000b000 08:13 5400658                    /home/mk/.vscode/extensions/redhat.java-1.42.0-linux-x64/jre/21.0.7-linux-x86_64/lib/libinstrument.so
7fd3adef7000-7fd3adef8000 ---p 00000000 00:00 0 
7fd3adef8000-7fd3adef9000 r--p 00000000 00:00 0 
7fd3adef9000-7fd3adefa000 ---p 00000000 00:00 0 
7fd3adefa000-7fd3adf13000 r-xp 00000000 08:13 5400668                    /home/mk/.vscode/extensions/redhat.java-1.42.0-linux-x64/jre/21.0.7-linux-x86_64/lib/libjli.so
7fd3adf13000-7fd3adf14000 r--p 00018000 08:13 5400668                    /home/mk/.vscode/extensions/redhat.java-1.42.0-linux-x64/jre/21.0.7-linux-x86_64/lib/libjli.so
7fd3adf14000-7fd3adf15000 rw-p 00019000 08:13 5400668                    /home/mk/.vscode/extensions/redhat.java-1.42.0-linux-x64/jre/21.0.7-linux-x86_64/lib/libjli.so
7fd3adf15000-7fd3adf17000 rw-p 00000000 00:00 0 
7fd3adf17000-7fd3adf18000 r--p 00000000 08:13 3418280                    /usr/lib/x86_64-linux-gnu/ld-linux-x86-64.so.2
7fd3adf18000-7fd3adf3e000 r-xp 00001000 08:13 3418280                    /usr/lib/x86_64-linux-gnu/ld-linux-x86-64.so.2
7fd3adf3e000-7fd3adf48000 r--p 00027000 08:13 3418280                    /usr/lib/x86_64-linux-gnu/ld-linux-x86-64.so.2
7fd3adf48000-7fd3adf4a000 r--p 00031000 08:13 3418280                    /usr/lib/x86_64-linux-gnu/ld-linux-x86-64.so.2
7fd3adf4a000-7fd3adf4c000 rw-p 00033000 08:13 3418280                    /usr/lib/x86_64-linux-gnu/ld-linux-x86-64.so.2
7ffe3065a000-7ffe3067c000 rw-p 00000000 00:00 0                          [stack]
7ffe3077d000-7ffe30781000 r--p 00000000 00:00 0                          [vvar]
7ffe30781000-7ffe30783000 r-xp 00000000 00:00 0                          [vdso]
Total number of mappings: 381


VM Arguments:
jvm_args: --add-modules=ALL-SYSTEM --add-opens=java.base/java.util=ALL-UNNAMED --add-opens=java.base/java.lang=ALL-UNNAMED --add-opens=java.base/sun.nio.fs=ALL-UNNAMED -Declipse.application=org.eclipse.jdt.ls.core.id1 -Dosgi.bundles.defaultStartLevel=4 -Declipse.product=org.eclipse.jdt.ls.core.product -Djava.import.generatesMetadataFilesAtProjectRoot=false -DDetectVMInstallationsJob.disabled=true -Dfile.encoding=utf8 -XX:+UseParallelGC -XX:GCTimeRatio=4 -XX:AdaptiveSizePolicyWeight=90 -Dsun.zip.disableMemoryMapping=true -Xmx1G -Xms100m -Xlog:disable -javaagent:/home/mk/.vscode/extensions/redhat.java-1.42.0-linux-x64/lombok/lombok-1.18.36.jar -XX:+HeapDumpOnOutOfMemoryError -XX:HeapDumpPath=/home/mk/.config/Code/User/workspaceStorage/f7259d174e8ba54b2b54f3a429718e13/redhat.java -Daether.dependencyCollector.impl=bf 
java_command: /home/mk/.vscode/extensions/redhat.java-1.42.0-linux-x64/server/plugins/org.eclipse.equinox.launcher_1.7.0.v20250424-1814.jar -configuration /home/mk/.config/Code/User/globalStorage/redhat.java/1.42.0/config_linux -data /home/mk/.config/Code/User/workspaceStorage/f7259d174e8ba54b2b54f3a429718e13/redhat.java/jdt_ws --pipe=/run/user/1000/lsp-6d5ecb7492507f2893a1f9851d31afe5.sock
java_class_path (initial): /home/mk/.vscode/extensions/redhat.java-1.42.0-linux-x64/server/plugins/org.eclipse.equinox.launcher_1.7.0.v20250424-1814.jar
Launcher Type: SUN_STANDARD

[Global flags]
    uintx AdaptiveSizePolicyWeight                 = 90                                        {product} {command line}
     intx CICompilerCount                          = 3                                         {product} {ergonomic}
    uintx GCTimeRatio                              = 4                                         {product} {command line}
     bool HeapDumpOnOutOfMemoryError               = true                                   {manageable} {command line}
    ccstr HeapDumpPath                             = /home/mk/.config/Code/User/workspaceStorage/f7259d174e8ba54b2b54f3a429718e13/redhat.java         {manageable} {command line}
   size_t InitialHeapSize                          = 104857600                                 {product} {command line}
   size_t MaxHeapSize                              = 1073741824                                {product} {command line}
   size_t MaxNewSize                               = 357564416                                 {product} {ergonomic}
   size_t MinHeapDeltaBytes                        = 524288                                    {product} {ergonomic}
   size_t MinHeapSize                              = 104857600                                 {product} {command line}
   size_t NewSize                                  = 34603008                                  {product} {ergonomic}
    uintx NonNMethodCodeHeapSize                   = 5832780                                {pd product} {ergonomic}
    uintx NonProfiledCodeHeapSize                  = 122912730                              {pd product} {ergonomic}
   size_t OldSize                                  = 70254592                                  {product} {ergonomic}
    uintx ProfiledCodeHeapSize                     = 122912730                              {pd product} {ergonomic}
    uintx ReservedCodeCacheSize                    = 251658240                              {pd product} {ergonomic}
     bool SegmentedCodeCache                       = true                                      {product} {ergonomic}
   size_t SoftMaxHeapSize                          = 1073741824                             {manageable} {ergonomic}
     bool UseCompressedOops                        = true                           {product lp64_product} {ergonomic}
     bool UseParallelGC                            = true                                      {product} {command line}

Logging:
Log output configuration:
 #0: stdout all=off uptime,level,tags foldmultilines=false
 #1: stderr all=off uptime,level,tags foldmultilines=false

Environment Variables:
PATH=/usr/local/nodejs/node-v20.18.0-linux-x64/bin:/usr/local/nodejs/bin:/usr/local/bin:/usr/bin:/bin:/usr/local/games:/usr/games:/snap/bin:/usr/local/nodejs/node-v20.18.0-linux-x64/bin:/usr/local/apache-maven/apache-maven-3.9.9/bin:/usr/lib/docker/cli-plugins:/usr/local/nodejs/node-v20.18.0-linux-x64/bin:/usr/local/apache-maven/apache-maven-3.9.9/bin:/usr/lib/docker/cli-plugins
SHELL=/usr/bin/fish
DISPLAY=:1
LANG=en_US.UTF-8
TERM=xterm-256color

Active Locale:
LC_ALL=en_US.UTF-8
LC_COLLATE=en_US.UTF-8
LC_CTYPE=en_US.UTF-8
LC_MESSAGES=en_US.UTF-8
LC_MONETARY=en_US.UTF-8
LC_NUMERIC=en_US.UTF-8
LC_TIME=en_US.UTF-8

Signal Handlers:
   SIGSEGV: crash_handler in libjvm.so, mask=11100100010111111101111111111110, flags=SA_RESTART|SA_SIGINFO, unblocked
    SIGBUS: crash_handler in libjvm.so, mask=11100100010111111101111111111110, flags=SA_RESTART|SA_SIGINFO, unblocked
    SIGFPE: crash_handler in libjvm.so, mask=11100100010111111101111111111110, flags=SA_RESTART|SA_SIGINFO, unblocked
   SIGPIPE: javaSignalHandler in libjvm.so, mask=11100100010111111101111111111110, flags=SA_RESTART|SA_SIGINFO, blocked
   SIGXFSZ: javaSignalHandler in libjvm.so, mask=11100100010111111101111111111110, flags=SA_RESTART|SA_SIGINFO, blocked
    SIGILL: crash_handler in libjvm.so, mask=11100100010111111101111111111110, flags=SA_RESTART|SA_SIGINFO, unblocked
   SIGUSR2: SR_handler in libjvm.so, mask=00000000000000000000000000000000, flags=SA_RESTART|SA_SIGINFO, blocked
    SIGHUP: UserHandler in libjvm.so, mask=11100100010111111101111111111110, flags=SA_RESTART|SA_SIGINFO, blocked
    SIGINT: UserHandler in libjvm.so, mask=11100100010111111101111111111110, flags=SA_RESTART|SA_SIGINFO, blocked
   SIGTERM: UserHandler in libjvm.so, mask=11100100010111111101111111111110, flags=SA_RESTART|SA_SIGINFO, blocked
   SIGQUIT: UserHandler in libjvm.so, mask=11100100010111111101111111111110, flags=SA_RESTART|SA_SIGINFO, blocked
   SIGTRAP: crash_handler in libjvm.so, mask=11100100010111111101111111111110, flags=SA_RESTART|SA_SIGINFO, unblocked


Periodic native trim disabled

---------------  S Y S T E M  ---------------

OS:
PRETTY_NAME="Debian GNU/Linux 12 (bookworm)"
NAME="Debian GNU/Linux"
VERSION_ID="12"
VERSION="12 (bookworm)"
VERSION_CODENAME=bookworm
ID=debian
HOME_URL="https://www.debian.org/"
SUPPORT_URL="https://www.debian.org/support"
BUG_REPORT_URL="https://bugs.debian.org/"
uname: Linux 6.1.0-37-amd64 #1 SMP PREEMPT_DYNAMIC Debian 6.1.140-1 (2025-05-22) x86_64
OS uptime: 0 days 8:05 hours
libc: glibc 2.36 NPTL 2.36 
rlimit (soft/hard): STACK 8192k/infinity , CORE 0k/infinity , NPROC 30997/30997 , NOFILE 1048576/1048576 , AS infinity/infinity , CPU infinity/infinity , DATA infinity/infinity , FSIZE infinity/infinity , MEMLOCK 1001004k/1001004k
load average: 0.93 0.89 1.08

/proc/meminfo:
MemTotal:        8008052 kB
MemFree:          950064 kB
MemAvailable:    1805820 kB
Buffers:          147016 kB
Cached:          1876608 kB
SwapCached:         6636 kB
Active:          1259760 kB
Inactive:        4863604 kB
Active(anon):     475292 kB
Inactive(anon):  4476964 kB
Active(file):     784468 kB
Inactive(file):   386640 kB
Unevictable:      548632 kB
Mlocked:              32 kB
SwapTotal:       7812092 kB
SwapFree:        7089404 kB
Zswap:                 0 kB
Zswapped:              0 kB
Dirty:               468 kB
Writeback:             0 kB
AnonPages:       4437460 kB
Mapped:           720496 kB
Shmem:            852172 kB
KReclaimable:     110400 kB
Slab:             209556 kB
SReclaimable:     110400 kB
SUnreclaim:        99156 kB
KernelStack:       14896 kB
PageTables:        52268 kB
SecPageTables:         0 kB
NFS_Unstable:          0 kB
Bounce:                0 kB
WritebackTmp:          0 kB
CommitLimit:    11816116 kB
Committed_AS:   19293416 kB
VmallocTotal:   34359738367 kB
VmallocUsed:       46468 kB
VmallocChunk:          0 kB
Percpu:             2480 kB
HardwareCorrupted:     0 kB
AnonHugePages:   1429504 kB
ShmemHugePages:        0 kB
ShmemPmdMapped:        0 kB
FileHugePages:         0 kB
FilePmdMapped:         0 kB
HugePages_Total:       0
HugePages_Free:        0
HugePages_Rsvd:        0
HugePages_Surp:        0
Hugepagesize:       2048 kB
Hugetlb:               0 kB
DirectMap4k:      163432 kB
DirectMap2M:     3907584 kB
DirectMap1G:     5242880 kB

/sys/kernel/mm/transparent_hugepage/enabled: [always] madvise never
/sys/kernel/mm/transparent_hugepage/hpage_pmd_size: 2097152
/sys/kernel/mm/transparent_hugepage/defrag (defrag/compaction efforts parameter): always defer defer+madvise [madvise] never

Process Memory:
Virtual Size: 4849880K (peak: 4859068K)
Resident Set Size: 877008K (peak: 1307696K) (anon: 841900K, file: 35108K, shmem: 0K)
Swapped out: 26676K
C-Heap outstanding allocations: 71629K, retained: 235886K
glibc malloc tunables: (default)

/proc/sys/kernel/threads-max (system-wide limit on the number of threads): 61995
/proc/sys/vm/max_map_count (maximum number of memory map areas a process may have): 65530
/proc/sys/vm/swappiness (control to define how aggressively the kernel swaps out anonymous memory): 60
/proc/sys/kernel/pid_max (system-wide limit on number of process identifiers): 4194304

container (cgroup) information:
container_type: cgroupv2
cpu_cpuset_cpus: not supported
cpu_memory_nodes: not supported
active_processor_count: 4
cpu_quota: not supported
cpu_period: not supported
cpu_shares: not supported
memory_limit_in_bytes: unlimited
memory_and_swap_limit_in_bytes: unlimited
memory_soft_limit_in_bytes: unlimited
memory_usage_in_bytes: 2417760 k
memory_max_usage_in_bytes: not supported
memory_swap_current_in_bytes: 260140 k
memory_swap_max_limit_in_bytes: unlimited
maximum number of tasks: 9299
current number of tasks: 251

Steal ticks since vm start: 0
Steal ticks percentage since vm start:  0.000

CPU: total 4 (initial active 4) (2 cores per cpu, 2 threads per core) family 6 model 142 stepping 9 microcode 0xf6, cx8, cmov, fxsr, ht, mmx, 3dnowpref, sse, sse2, sse3, ssse3, sse4.1, sse4.2, popcnt, lzcnt, tsc, tscinvbit, avx, avx2, aes, erms, clmul, bmi1, bmi2, adx, fma, vzeroupper, clflush, clflushopt, rdtscp, f16c
CPU Model and flags from /proc/cpuinfo:
model name	: Intel(R) Core(TM) i3-7100U CPU @ 2.40GHz
flags		: fpu vme de pse tsc msr pae mce cx8 apic sep mtrr pge mca cmov pat pse36 clflush dts acpi mmx fxsr sse sse2 ss ht tm pbe syscall nx pdpe1gb rdtscp lm constant_tsc art arch_perfmon pebs bts rep_good nopl xtopology nonstop_tsc cpuid aperfmperf pni pclmulqdq dtes64 monitor ds_cpl vmx est tm2 ssse3 sdbg fma cx16 xtpr pdcm pcid sse4_1 sse4_2 x2apic movbe popcnt tsc_deadline_timer aes xsave avx f16c rdrand lahf_lm abm 3dnowprefetch cpuid_fault epb invpcid_single pti ssbd ibrs ibpb stibp tpr_shadow vnmi flexpriority ept vpid ept_ad fsgsbase tsc_adjust bmi1 avx2 smep bmi2 erms invpcid mpx rdseed adx smap clflushopt intel_pt xsaveopt xsavec xgetbv1 xsaves dtherm arat pln pts hwp hwp_notify hwp_act_window hwp_epp md_clear flush_l1d arch_capabilities

Online cpus: 0-3
Offline cpus: 
BIOS frequency limitation: <Not Available>
Frequency switch latency (ns): 0
Available cpu frequencies: <Not Available>
Current governor: powersave
Core performance/turbo boost: <Not Available>

Memory: 4k page, physical 8008052k(1805820k free), swap 7812092k(7089404k free)
Page Sizes: 4k

vm_info: OpenJDK 64-Bit Server VM (21.0.7+6-LTS) for linux-amd64 JRE (21.0.7+6-LTS), built on 2025-04-15T00:00:00Z by "admin" with gcc 11.3.0

END.
